This file contains any messages produced by compilers while
running configure, to aid debugging if configure makes a mistake.

It was created by gparted configure 1.4.0, which was
generated by GNU Autoconf 2.71.  Invocation command line was

  $ ./configure --build=x86_64-linux-gnu --prefix=/usr '--includedir=${prefix}/include' '--mandir=${prefix}/share/man' '--infodir=${prefix}/share/info' --sysconfdir=/etc --localstatedir=/var --disable-option-checking --disable-silent-rules '--libdir=${prefix}/lib/x86_64-linux-gnu' --runstatedir=/run --disable-maintainer-mode --disable-dependency-tracking

## --------- ##
## Platform. ##
## --------- ##

hostname = kali
uname -m = x86_64
uname -r = 5.17.0-kali3-amd64
uname -s = Linux
uname -v = #1 SMP PREEMPT Debian 5.17.11-1kali1 (2022-05-30)

/usr/bin/uname -p = unknown
/bin/uname -X     = unknown

/bin/arch              = x86_64
/usr/bin/arch -k       = unknown
/usr/convex/getsysinfo = unknown
/usr/bin/hostinfo      = unknown
/bin/machine           = unknown
/usr/bin/oslevel       = unknown
/bin/universe          = unknown

PATH: /usr/local/sbin/
PATH: /usr/local/bin/
PATH: /usr/sbin/
PATH: /usr/bin/
PATH: /sbin/
PATH: /bin/


## ----------- ##
## Core tests. ##
## ----------- ##

configure:2878: looking for aux files: config.guess config.sub ltmain.sh compile missing install-sh
configure:2891:  trying ./
configure:2920:   ./config.guess found
configure:2920:   ./config.sub found
configure:2920:   ./ltmain.sh found
configure:2920:   ./compile found
configure:2920:   ./missing found
configure:2902:   ./install-sh found
configure:3056: checking for a BSD-compatible install
configure:3129: result: /usr/bin/install -c
configure:3140: checking whether build environment is sane
configure:3195: result: yes
configure:3354: checking for a race-free mkdir -p
configure:3398: result: /usr/bin/mkdir -p
configure:3405: checking for gawk
configure:3426: found /usr/bin/gawk
configure:3437: result: gawk
configure:3448: checking whether make sets $(MAKE)
configure:3471: result: yes
configure:3501: checking whether make supports nested variables
configure:3519: result: yes
configure:3656: checking whether to enable maintainer-specific portions of Makefiles
configure:3666: result: no
configure:3750: checking for g++
configure:3771: found /usr/bin/g++
configure:3782: result: g++
configure:3809: checking for C++ compiler version
configure:3818: g++ --version >&5
g++ (Debian 11.3.0-3) 11.3.0
Copyright (C) 2021 Free Software Foundation, Inc.
This is free software; see the source for copying conditions.  There is NO
warranty; not even for MERCHANTABILITY or FITNESS FOR A PARTICULAR PURPOSE.

configure:3829: $? = 0
configure:3818: g++ -v >&5
Using built-in specs.
COLLECT_GCC=g++
COLLECT_LTO_WRAPPER=/usr/lib/gcc/x86_64-linux-gnu/11/lto-wrapper
OFFLOAD_TARGET_NAMES=nvptx-none:amdgcn-amdhsa
OFFLOAD_TARGET_DEFAULT=1
Target: x86_64-linux-gnu
Configured with: ../src/configure -v --with-pkgversion='Debian 11.3.0-3' --with-bugurl=file:///usr/share/doc/gcc-11/README.Bugs --enable-languages=c,ada,c++,go,brig,d,fortran,objc,obj-c++,m2 --prefix=/usr --with-gcc-major-version-only --program-suffix=-11 --program-prefix=x86_64-linux-gnu- --enable-shared --enable-linker-build-id --libexecdir=/usr/lib --without-included-gettext --enable-threads=posix --libdir=/usr/lib --enable-nls --enable-bootstrap --enable-clocale=gnu --enable-libstdcxx-debug --enable-libstdcxx-time=yes --with-default-libstdcxx-abi=new --enable-gnu-unique-object --disable-vtable-verify --enable-plugin --enable-default-pie --with-system-zlib --enable-libphobos-checking=release --with-target-system-zlib=auto --enable-objc-gc=auto --enable-multiarch --disable-werror --enable-cet --with-arch-32=i686 --with-abi=m64 --with-multilib-list=m32,m64,mx32 --enable-multilib --with-tune=generic --enable-offload-targets=nvptx-none=/build/gcc-11-6lTGZp/gcc-11-11.3.0/debian/tmp-nvptx/usr,amdgcn-amdhsa=/build/gcc-11-6lTGZp/gcc-11-11.3.0/debian/tmp-gcn/usr --without-cuda-driver --enable-checking=release --build=x86_64-linux-gnu --host=x86_64-linux-gnu --target=x86_64-linux-gnu --with-build-config=bootstrap-lto-lean --enable-link-serialization=2
Thread model: posix
Supported LTO compression algorithms: zlib zstd
gcc version 11.3.0 (Debian 11.3.0-3) 
... rest of stderr output deleted ...
configure:3829: $? = 0
configure:3818: g++ -V >&5
g++: error: unrecognized command-line option '-V'
g++: fatal error: no input files
compilation terminated.
configure:3829: $? = 1
configure:3818: g++ -qversion >&5
g++: error: unrecognized command-line option '-qversion'; did you mean '--version'?
g++: fatal error: no input files
compilation terminated.
configure:3829: $? = 1
configure:3849: checking whether the C++ compiler works
configure:3871: g++ -g -O2 -ffile-prefix-map=/home/kali/build/gparted/1.4.0/gparted-1.4.0=. -fstack-protector-strong -Wformat -Werror=format-security -Wdate-time -D_FORTIFY_SOURCE=2 -Wl,-z,relro conftest.cpp  >&5
configure:3875: $? = 0
configure:3925: result: yes
configure:3928: checking for C++ compiler default output file name
configure:3930: result: a.out
configure:3936: checking for suffix of executables
configure:3943: g++ -o conftest -g -O2 -ffile-prefix-map=/home/kali/build/gparted/1.4.0/gparted-1.4.0=. -fstack-protector-strong -Wformat -Werror=format-security -Wdate-time -D_FORTIFY_SOURCE=2 -Wl,-z,relro conftest.cpp  >&5
configure:3947: $? = 0
configure:3970: result: 
configure:3992: checking whether we are cross compiling
configure:4000: g++ -o conftest -g -O2 -ffile-prefix-map=/home/kali/build/gparted/1.4.0/gparted-1.4.0=. -fstack-protector-strong -Wformat -Werror=format-security -Wdate-time -D_FORTIFY_SOURCE=2 -Wl,-z,relro conftest.cpp  >&5
configure:4004: $? = 0
configure:4011: ./conftest
configure:4015: $? = 0
configure:4030: result: no
configure:4035: checking for suffix of object files
configure:4058: g++ -c -g -O2 -ffile-prefix-map=/home/kali/build/gparted/1.4.0/gparted-1.4.0=. -fstack-protector-strong -Wformat -Werror=format-security -Wdate-time -D_FORTIFY_SOURCE=2 conftest.cpp >&5
configure:4062: $? = 0
configure:4084: result: o
configure:4088: checking whether the compiler supports GNU C++
configure:4108: g++ -c -g -O2 -ffile-prefix-map=/home/kali/build/gparted/1.4.0/gparted-1.4.0=. -fstack-protector-strong -Wformat -Werror=format-security -Wdate-time -D_FORTIFY_SOURCE=2 conftest.cpp >&5
configure:4108: $? = 0
configure:4118: result: yes
configure:4129: checking whether g++ accepts -g
configure:4150: g++ -c -g -Wdate-time -D_FORTIFY_SOURCE=2 conftest.cpp >&5
configure:4150: $? = 0
configure:4194: result: yes
configure:4214: checking for g++ option to enable C++11 features
configure:4229: g++  -c -g -O2 -ffile-prefix-map=/home/kali/build/gparted/1.4.0/gparted-1.4.0=. -fstack-protector-strong -Wformat -Werror=format-security -Wdate-time -D_FORTIFY_SOURCE=2 conftest.cpp >&5
conftest.cpp: In function 'int main(int, char**)':
conftest.cpp:177:25: warning: empty parentheses were disambiguated as a function declaration [-Wvexing-parse]
  177 |   cxx11test::delegate d2();
      |                         ^~
conftest.cpp:177:25: note: remove parentheses to default-initialize a variable
  177 |   cxx11test::delegate d2();
      |                         ^~
      |                         --
conftest.cpp:177:25: note: or replace parentheses with braces to value-initialize a variable
configure:4229: $? = 0
configure:4247: result: none needed
configure:4314: checking whether make supports the include directive
configure:4329: make -f confmf.GNU && cat confinc.out
make[1]: Entering directory '/home/kali/build/gparted/1.4.0/gparted-1.4.0'
make[1]: Leaving directory '/home/kali/build/gparted/1.4.0/gparted-1.4.0'
this is the am__doit target
configure:4332: $? = 0
configure:4351: result: yes (GNU style)
configure:4377: checking dependency style of g++
configure:4489: result: none
configure:4566: checking for gcc
configure:4587: found /usr/bin/gcc
configure:4598: result: gcc
configure:4951: checking for C compiler version
configure:4960: gcc --version >&5
gcc (Debian 11.3.0-3) 11.3.0
Copyright (C) 2021 Free Software Foundation, Inc.
This is free software; see the source for copying conditions.  There is NO
warranty; not even for MERCHANTABILITY or FITNESS FOR A PARTICULAR PURPOSE.

configure:4971: $? = 0
configure:4960: gcc -v >&5
Using built-in specs.
COLLECT_GCC=gcc
COLLECT_LTO_WRAPPER=/usr/lib/gcc/x86_64-linux-gnu/11/lto-wrapper
OFFLOAD_TARGET_NAMES=nvptx-none:amdgcn-amdhsa
OFFLOAD_TARGET_DEFAULT=1
Target: x86_64-linux-gnu
Configured with: ../src/configure -v --with-pkgversion='Debian 11.3.0-3' --with-bugurl=file:///usr/share/doc/gcc-11/README.Bugs --enable-languages=c,ada,c++,go,brig,d,fortran,objc,obj-c++,m2 --prefix=/usr --with-gcc-major-version-only --program-suffix=-11 --program-prefix=x86_64-linux-gnu- --enable-shared --enable-linker-build-id --libexecdir=/usr/lib --without-included-gettext --enable-threads=posix --libdir=/usr/lib --enable-nls --enable-bootstrap --enable-clocale=gnu --enable-libstdcxx-debug --enable-libstdcxx-time=yes --with-default-libstdcxx-abi=new --enable-gnu-unique-object --disable-vtable-verify --enable-plugin --enable-default-pie --with-system-zlib --enable-libphobos-checking=release --with-target-system-zlib=auto --enable-objc-gc=auto --enable-multiarch --disable-werror --enable-cet --with-arch-32=i686 --with-abi=m64 --with-multilib-list=m32,m64,mx32 --enable-multilib --with-tune=generic --enable-offload-targets=nvptx-none=/build/gcc-11-6lTGZp/gcc-11-11.3.0/debian/tmp-nvptx/usr,amdgcn-amdhsa=/build/gcc-11-6lTGZp/gcc-11-11.3.0/debian/tmp-gcn/usr --without-cuda-driver --enable-checking=release --build=x86_64-linux-gnu --host=x86_64-linux-gnu --target=x86_64-linux-gnu --with-build-config=bootstrap-lto-lean --enable-link-serialization=2
Thread model: posix
Supported LTO compression algorithms: zlib zstd
gcc version 11.3.0 (Debian 11.3.0-3) 
... rest of stderr output deleted ...
configure:4971: $? = 0
configure:4960: gcc -V >&5
gcc: error: unrecognized command-line option '-V'
gcc: fatal error: no input files
compilation terminated.
configure:4971: $? = 1
configure:4960: gcc -qversion >&5
gcc: error: unrecognized command-line option '-qversion'; did you mean '--version'?
gcc: fatal error: no input files
compilation terminated.
configure:4971: $? = 1
configure:4960: gcc -version >&5
gcc: error: unrecognized command-line option '-version'
gcc: fatal error: no input files
compilation terminated.
configure:4971: $? = 1
configure:4975: checking whether the compiler supports GNU C
configure:4995: gcc -c -g -O2 -ffile-prefix-map=/home/kali/build/gparted/1.4.0/gparted-1.4.0=. -fstack-protector-strong -Wformat -Werror=format-security -Wdate-time -D_FORTIFY_SOURCE=2 conftest.c >&5
configure:4995: $? = 0
configure:5005: result: yes
configure:5016: checking whether gcc accepts -g
configure:5037: gcc -c -g -Wdate-time -D_FORTIFY_SOURCE=2 conftest.c >&5
configure:5037: $? = 0
configure:5081: result: yes
configure:5101: checking for gcc option to enable C11 features
configure:5116: gcc  -c -g -O2 -ffile-prefix-map=/home/kali/build/gparted/1.4.0/gparted-1.4.0=. -fstack-protector-strong -Wformat -Werror=format-security -Wdate-time -D_FORTIFY_SOURCE=2 conftest.c >&5
configure:5116: $? = 0
configure:5134: result: none needed
configure:5250: checking whether gcc understands -c and -o together
configure:5273: gcc -c conftest.c -o conftest2.o
configure:5276: $? = 0
configure:5273: gcc -c conftest.c -o conftest2.o
configure:5276: $? = 0
configure:5288: result: yes
configure:5307: checking dependency style of gcc
configure:5419: result: none
configure:5466: checking build system type
configure:5481: result: x86_64-pc-linux-gnu
configure:5501: checking host system type
configure:5515: result: x86_64-pc-linux-gnu
configure:5556: checking how to print strings
configure:5583: result: printf
configure:5604: checking for a sed that does not truncate output
configure:5674: result: /usr/bin/sed
configure:5692: checking for grep that handles long lines and -e
configure:5756: result: /usr/bin/grep
configure:5761: checking for egrep
configure:5829: result: /usr/bin/grep -E
configure:5834: checking for fgrep
configure:5902: result: /usr/bin/grep -F
configure:5938: checking for ld used by gcc
configure:6006: result: /usr/bin/ld
configure:6013: checking if the linker (/usr/bin/ld) is GNU ld
configure:6029: result: yes
configure:6041: checking for BSD- or MS-compatible name lister (nm)
configure:6096: result: /usr/bin/nm -B
configure:6236: checking the name lister (/usr/bin/nm -B) interface
configure:6244: gcc -c -g -O2 -ffile-prefix-map=/home/kali/build/gparted/1.4.0/gparted-1.4.0=. -fstack-protector-strong -Wformat -Werror=format-security -Wdate-time -D_FORTIFY_SOURCE=2 conftest.c >&5
configure:6247: /usr/bin/nm -B "conftest.o"
configure:6250: output
0000000000000000 B some_variable
configure:6257: result: BSD nm
configure:6260: checking whether ln -s works
configure:6264: result: yes
configure:6272: checking the maximum length of command line arguments
configure:6404: result: 1572864
configure:6452: checking how to convert x86_64-pc-linux-gnu file names to x86_64-pc-linux-gnu format
configure:6493: result: func_convert_file_noop
configure:6500: checking how to convert x86_64-pc-linux-gnu file names to toolchain format
configure:6521: result: func_convert_file_noop
configure:6528: checking for /usr/bin/ld option to reload object files
configure:6536: result: -r
configure:6615: checking for file
configure:6636: found /usr/bin/file
configure:6647: result: file
configure:6723: checking for objdump
configure:6744: found /usr/bin/objdump
configure:6755: result: objdump
configure:6787: checking how to recognize dependent libraries
configure:6988: result: pass_all
configure:7078: checking for dlltool
configure:7113: result: no
configure:7143: checking how to associate runtime and link libraries
configure:7171: result: printf %s\n
configure:7237: checking for ar
configure:7258: found /usr/bin/ar
configure:7269: result: ar
configure:7322: checking for archiver @FILE support
configure:7340: gcc -c -g -O2 -ffile-prefix-map=/home/kali/build/gparted/1.4.0/gparted-1.4.0=. -fstack-protector-strong -Wformat -Werror=format-security -Wdate-time -D_FORTIFY_SOURCE=2 conftest.c >&5
configure:7340: $? = 0
configure:7344: ar cr libconftest.a @conftest.lst >&5
configure:7347: $? = 0
configure:7352: ar cr libconftest.a @conftest.lst >&5
ar: conftest.o: No such file or directory
configure:7355: $? = 1
configure:7367: result: @
configure:7430: checking for strip
configure:7451: found /usr/bin/strip
configure:7462: result: strip
configure:7539: checking for ranlib
configure:7560: found /usr/bin/ranlib
configure:7571: result: ranlib
configure:7673: checking command to parse /usr/bin/nm -B output from gcc object
configure:7827: gcc -c -g -O2 -ffile-prefix-map=/home/kali/build/gparted/1.4.0/gparted-1.4.0=. -fstack-protector-strong -Wformat -Werror=format-security -Wdate-time -D_FORTIFY_SOURCE=2 conftest.c >&5
configure:7830: $? = 0
configure:7834: /usr/bin/nm -B conftest.o | /usr/bin/sed -n -e 's/^.*[	 ]\([ABCDGIRSTW][ABCDGIRSTW]*\)[	 ][	 ]*\([_A-Za-z][_A-Za-z0-9]*\)$/\1 \2 \2/p' | /usr/bin/sed '/ __gnu_lto/d' > conftest.nm
configure:7900: gcc -o conftest -g -O2 -ffile-prefix-map=/home/kali/build/gparted/1.4.0/gparted-1.4.0=. -fstack-protector-strong -Wformat -Werror=format-security -Wdate-time -D_FORTIFY_SOURCE=2 -Wl,-z,relro conftest.c conftstm.o >&5
configure:7903: $? = 0
configure:7941: result: ok
configure:7988: checking for sysroot
configure:8019: result: no
configure:8026: checking for a working dd
configure:8070: result: /usr/bin/dd
configure:8074: checking how to truncate binary pipes
configure:8090: result: /usr/bin/dd bs=4096 count=1
configure:8227: gcc -c -g -O2 -ffile-prefix-map=/home/kali/build/gparted/1.4.0/gparted-1.4.0=. -fstack-protector-strong -Wformat -Werror=format-security -Wdate-time -D_FORTIFY_SOURCE=2 conftest.c >&5
configure:8230: $? = 0
configure:8427: checking for mt
configure:8448: found /usr/bin/mt
configure:8459: result: mt
configure:8482: checking if mt is a manifest tool
configure:8489: mt '-?'
configure:8497: result: no
configure:9222: checking for stdio.h
configure:9222: gcc -c -g -O2 -ffile-prefix-map=/home/kali/build/gparted/1.4.0/gparted-1.4.0=. -fstack-protector-strong -Wformat -Werror=format-security -Wdate-time -D_FORTIFY_SOURCE=2 conftest.c >&5
configure:9222: $? = 0
configure:9222: result: yes
configure:9222: checking for stdlib.h
configure:9222: gcc -c -g -O2 -ffile-prefix-map=/home/kali/build/gparted/1.4.0/gparted-1.4.0=. -fstack-protector-strong -Wformat -Werror=format-security -Wdate-time -D_FORTIFY_SOURCE=2 conftest.c >&5
configure:9222: $? = 0
configure:9222: result: yes
configure:9222: checking for string.h
configure:9222: gcc -c -g -O2 -ffile-prefix-map=/home/kali/build/gparted/1.4.0/gparted-1.4.0=. -fstack-protector-strong -Wformat -Werror=format-security -Wdate-time -D_FORTIFY_SOURCE=2 conftest.c >&5
configure:9222: $? = 0
configure:9222: result: yes
configure:9222: checking for inttypes.h
configure:9222: gcc -c -g -O2 -ffile-prefix-map=/home/kali/build/gparted/1.4.0/gparted-1.4.0=. -fstack-protector-strong -Wformat -Werror=format-security -Wdate-time -D_FORTIFY_SOURCE=2 conftest.c >&5
configure:9222: $? = 0
configure:9222: result: yes
configure:9222: checking for stdint.h
configure:9222: gcc -c -g -O2 -ffile-prefix-map=/home/kali/build/gparted/1.4.0/gparted-1.4.0=. -fstack-protector-strong -Wformat -Werror=format-security -Wdate-time -D_FORTIFY_SOURCE=2 conftest.c >&5
configure:9222: $? = 0
configure:9222: result: yes
configure:9222: checking for strings.h
configure:9222: gcc -c -g -O2 -ffile-prefix-map=/home/kali/build/gparted/1.4.0/gparted-1.4.0=. -fstack-protector-strong -Wformat -Werror=format-security -Wdate-time -D_FORTIFY_SOURCE=2 conftest.c >&5
configure:9222: $? = 0
configure:9222: result: yes
configure:9222: checking for sys/stat.h
configure:9222: gcc -c -g -O2 -ffile-prefix-map=/home/kali/build/gparted/1.4.0/gparted-1.4.0=. -fstack-protector-strong -Wformat -Werror=format-security -Wdate-time -D_FORTIFY_SOURCE=2 conftest.c >&5
configure:9222: $? = 0
configure:9222: result: yes
configure:9222: checking for sys/types.h
configure:9222: gcc -c -g -O2 -ffile-prefix-map=/home/kali/build/gparted/1.4.0/gparted-1.4.0=. -fstack-protector-strong -Wformat -Werror=format-security -Wdate-time -D_FORTIFY_SOURCE=2 conftest.c >&5
configure:9222: $? = 0
configure:9222: result: yes
configure:9222: checking for unistd.h
configure:9222: gcc -c -g -O2 -ffile-prefix-map=/home/kali/build/gparted/1.4.0/gparted-1.4.0=. -fstack-protector-strong -Wformat -Werror=format-security -Wdate-time -D_FORTIFY_SOURCE=2 conftest.c >&5
configure:9222: $? = 0
configure:9222: result: yes
configure:9247: checking for dlfcn.h
configure:9247: gcc -c -g -O2 -ffile-prefix-map=/home/kali/build/gparted/1.4.0/gparted-1.4.0=. -fstack-protector-strong -Wformat -Werror=format-security -Wdate-time -D_FORTIFY_SOURCE=2 conftest.c >&5
configure:9247: $? = 0
configure:9247: result: yes
configure:9517: checking for objdir
configure:9533: result: .libs
configure:9797: checking if gcc supports -fno-rtti -fno-exceptions
configure:9816: gcc -c -g -O2 -ffile-prefix-map=/home/kali/build/gparted/1.4.0/gparted-1.4.0=. -fstack-protector-strong -Wformat -Werror=format-security -Wdate-time -D_FORTIFY_SOURCE=2 -fno-rtti -fno-exceptions conftest.c >&5
cc1: warning: command-line option '-fno-rtti' is valid for C++/D/ObjC++ but not for C
configure:9820: $? = 0
configure:9833: result: no
configure:10197: checking for gcc option to produce PIC
configure:10205: result: -fPIC -DPIC
configure:10213: checking if gcc PIC flag -fPIC -DPIC works
configure:10232: gcc -c -g -O2 -ffile-prefix-map=/home/kali/build/gparted/1.4.0/gparted-1.4.0=. -fstack-protector-strong -Wformat -Werror=format-security -Wdate-time -D_FORTIFY_SOURCE=2 -fPIC -DPIC -DPIC conftest.c >&5
configure:10236: $? = 0
configure:10249: result: yes
configure:10278: checking if gcc static flag -static works
configure:10307: result: yes
configure:10322: checking if gcc supports -c -o file.o
configure:10344: gcc -c -g -O2 -ffile-prefix-map=/home/kali/build/gparted/1.4.0/gparted-1.4.0=. -fstack-protector-strong -Wformat -Werror=format-security -Wdate-time -D_FORTIFY_SOURCE=2 -o out/conftest2.o conftest.c >&5
configure:10348: $? = 0
configure:10370: result: yes
configure:10378: checking if gcc supports -c -o file.o
configure:10426: result: yes
configure:10459: checking whether the gcc linker (/usr/bin/ld -m elf_x86_64) supports shared libraries
configure:11733: result: yes
configure:11770: checking whether -lc should be explicitly linked in
configure:11779: gcc -c -g -O2 -ffile-prefix-map=/home/kali/build/gparted/1.4.0/gparted-1.4.0=. -fstack-protector-strong -Wformat -Werror=format-security -Wdate-time -D_FORTIFY_SOURCE=2 conftest.c >&5
configure:11782: $? = 0
configure:11797: gcc -shared  -fPIC -DPIC conftest.o  -v -Wl,-soname -Wl,conftest -o conftest 2\>\&1 \| /usr/bin/grep  -lc  \>/dev/null 2\>\&1
configure:11800: $? = 0
configure:11814: result: no
configure:11974: checking dynamic linker characteristics
configure:12556: gcc -o conftest -g -O2 -ffile-prefix-map=/home/kali/build/gparted/1.4.0/gparted-1.4.0=. -fstack-protector-strong -Wformat -Werror=format-security -Wdate-time -D_FORTIFY_SOURCE=2 -Wl,-z,relro -Wl,-rpath -Wl,/foo conftest.c  >&5
configure:12556: $? = 0
configure:12807: result: GNU/Linux ld.so
configure:12929: checking how to hardcode library paths into programs
configure:12954: result: immediate
configure:13506: checking whether stripping libraries is possible
configure:13515: result: yes
configure:13557: checking if libtool supports shared libraries
configure:13559: result: yes
configure:13562: checking whether to build shared libraries
configure:13587: result: yes
configure:13590: checking whether to build static libraries
configure:13594: result: yes
configure:13617: checking how to run the C++ preprocessor
configure:13639: g++ -E -Wdate-time -D_FORTIFY_SOURCE=2 conftest.cpp
configure:13639: $? = 0
configure:13654: g++ -E -Wdate-time -D_FORTIFY_SOURCE=2 conftest.cpp
conftest.cpp:23:10: fatal error: ac_nonexistent.h: No such file or directory
   23 | #include <ac_nonexistent.h>
      |          ^~~~~~~~~~~~~~~~~~
compilation terminated.
configure:13654: $? = 1
configure: failed program was:
| /* confdefs.h */
| #define PACKAGE_NAME "gparted"
| #define PACKAGE_TARNAME "gparted"
| #define PACKAGE_VERSION "1.4.0"
| #define PACKAGE_STRING "gparted 1.4.0"
| #define PACKAGE_BUGREPORT "https://gitlab.gnome.org/GNOME/gparted/issues"
| #define PACKAGE_URL ""
| #define PACKAGE "gparted"
| #define VERSION "1.4.0"
| #define HAVE_STDIO_H 1
| #define HAVE_STDLIB_H 1
| #define HAVE_STRING_H 1
| #define HAVE_INTTYPES_H 1
| #define HAVE_STDINT_H 1
| #define HAVE_STRINGS_H 1
| #define HAVE_SYS_STAT_H 1
| #define HAVE_SYS_TYPES_H 1
| #define HAVE_UNISTD_H 1
| #define STDC_HEADERS 1
| #define HAVE_DLFCN_H 1
| #define LT_OBJDIR ".libs/"
| /* end confdefs.h.  */
| #include <ac_nonexistent.h>
configure:13681: result: g++ -E
configure:13695: g++ -E -Wdate-time -D_FORTIFY_SOURCE=2 conftest.cpp
configure:13695: $? = 0
configure:13710: g++ -E -Wdate-time -D_FORTIFY_SOURCE=2 conftest.cpp
conftest.cpp:23:10: fatal error: ac_nonexistent.h: No such file or directory
   23 | #include <ac_nonexistent.h>
      |          ^~~~~~~~~~~~~~~~~~
compilation terminated.
configure:13710: $? = 1
configure: failed program was:
| /* confdefs.h */
| #define PACKAGE_NAME "gparted"
| #define PACKAGE_TARNAME "gparted"
| #define PACKAGE_VERSION "1.4.0"
| #define PACKAGE_STRING "gparted 1.4.0"
| #define PACKAGE_BUGREPORT "https://gitlab.gnome.org/GNOME/gparted/issues"
| #define PACKAGE_URL ""
| #define PACKAGE "gparted"
| #define VERSION "1.4.0"
| #define HAVE_STDIO_H 1
| #define HAVE_STDLIB_H 1
| #define HAVE_STRING_H 1
| #define HAVE_INTTYPES_H 1
| #define HAVE_STDINT_H 1
| #define HAVE_STRINGS_H 1
| #define HAVE_SYS_STAT_H 1
| #define HAVE_SYS_TYPES_H 1
| #define HAVE_UNISTD_H 1
| #define STDC_HEADERS 1
| #define HAVE_DLFCN_H 1
| #define LT_OBJDIR ".libs/"
| /* end confdefs.h.  */
| #include <ac_nonexistent.h>
configure:13875: checking for ld used by g++
configure:13943: result: /usr/bin/ld -m elf_x86_64
configure:13950: checking if the linker (/usr/bin/ld -m elf_x86_64) is GNU ld
configure:13966: result: yes
configure:14021: checking whether the g++ linker (/usr/bin/ld -m elf_x86_64) supports shared libraries
configure:15099: result: yes
configure:15135: g++ -c -g -O2 -ffile-prefix-map=/home/kali/build/gparted/1.4.0/gparted-1.4.0=. -fstack-protector-strong -Wformat -Werror=format-security -Wdate-time -D_FORTIFY_SOURCE=2 conftest.cpp >&5
configure:15138: $? = 0
configure:15619: checking for g++ option to produce PIC
configure:15627: result: -fPIC -DPIC
configure:15635: checking if g++ PIC flag -fPIC -DPIC works
configure:15654: g++ -c -g -O2 -ffile-prefix-map=/home/kali/build/gparted/1.4.0/gparted-1.4.0=. -fstack-protector-strong -Wformat -Werror=format-security -Wdate-time -D_FORTIFY_SOURCE=2 -fPIC -DPIC -DPIC conftest.cpp >&5
configure:15658: $? = 0
configure:15671: result: yes
configure:15694: checking if g++ static flag -static works
configure:15723: result: yes
configure:15735: checking if g++ supports -c -o file.o
configure:15757: g++ -c -g -O2 -ffile-prefix-map=/home/kali/build/gparted/1.4.0/gparted-1.4.0=. -fstack-protector-strong -Wformat -Werror=format-security -Wdate-time -D_FORTIFY_SOURCE=2 -o out/conftest2.o conftest.cpp >&5
configure:15761: $? = 0
configure:15783: result: yes
configure:15788: checking if g++ supports -c -o file.o
configure:15836: result: yes
configure:15866: checking whether the g++ linker (/usr/bin/ld -m elf_x86_64) supports shared libraries
configure:15909: result: yes
configure:16051: checking dynamic linker characteristics
configure:16811: result: GNU/Linux ld.so
configure:16876: checking how to hardcode library paths into programs
configure:16901: result: immediate
configure:16966: checking for gawk
configure:16998: result: gawk
configure:17068: checking for pkg-config
configure:17091: found /usr/bin/pkg-config
configure:17103: result: /usr/bin/pkg-config
configure:17128: checking pkg-config is at least version 0.9.0
configure:17131: result: yes
configure:17140: $PKG_CONFIG --exists --print-errors ""
Must specify package names on the command line
configure:17143: $? = 1
configure:17158: checking for pkexec >= 0.102
configure:17167: result: 0.105 found
configure:17241: checking for locale.h
configure:17241: gcc -c -g -O2 -ffile-prefix-map=/home/kali/build/gparted/1.4.0/gparted-1.4.0=. -fstack-protector-strong -Wformat -Werror=format-security -Wdate-time -D_FORTIFY_SOURCE=2 conftest.c >&5
configure:17241: $? = 0
configure:17241: result: yes
configure:17249: checking for LC_MESSAGES
configure:17266: gcc -o conftest -g -O2 -ffile-prefix-map=/home/kali/build/gparted/1.4.0/gparted-1.4.0=. -fstack-protector-strong -Wformat -Werror=format-security -Wdate-time -D_FORTIFY_SOURCE=2 -Wl,-z,relro conftest.c  >&5
configure:17266: $? = 0
configure:17275: result: yes
configure:17293: checking for CFPreferencesCopyAppValue
configure:17312: gcc -o conftest -g -O2 -ffile-prefix-map=/home/kali/build/gparted/1.4.0/gparted-1.4.0=. -fstack-protector-strong -Wformat -Werror=format-security -Wdate-time -D_FORTIFY_SOURCE=2 -Wl,-z,relro conftest.c  -Wl,-framework -Wl,CoreFoundation >&5
conftest.c:26:10: fatal error: CoreFoundation/CFPreferences.h: No such file or directory
   26 | #include <CoreFoundation/CFPreferences.h>
      |          ^~~~~~~~~~~~~~~~~~~~~~~~~~~~~~~~
compilation terminated.
configure:17312: $? = 1
configure: failed program was:
| /* confdefs.h */
| #define PACKAGE_NAME "gparted"
| #define PACKAGE_TARNAME "gparted"
| #define PACKAGE_VERSION "1.4.0"
| #define PACKAGE_STRING "gparted 1.4.0"
| #define PACKAGE_BUGREPORT "https://gitlab.gnome.org/GNOME/gparted/issues"
| #define PACKAGE_URL ""
| #define PACKAGE "gparted"
| #define VERSION "1.4.0"
| #define HAVE_STDIO_H 1
| #define HAVE_STDLIB_H 1
| #define HAVE_STRING_H 1
| #define HAVE_INTTYPES_H 1
| #define HAVE_STDINT_H 1
| #define HAVE_STRINGS_H 1
| #define HAVE_SYS_STAT_H 1
| #define HAVE_SYS_TYPES_H 1
| #define HAVE_UNISTD_H 1
| #define STDC_HEADERS 1
| #define HAVE_DLFCN_H 1
| #define LT_OBJDIR ".libs/"
| #define GETTEXT_PACKAGE "gparted"
| #define HAVE_LOCALE_H 1
| #define HAVE_LC_MESSAGES 1
| /* end confdefs.h.  */
| #include <CoreFoundation/CFPreferences.h>
| int
| main (void)
| {
| CFPreferencesCopyAppValue(NULL, NULL)
|   ;
|   return 0;
| }
configure:17322: result: no
configure:17329: checking for CFLocaleCopyCurrent
configure:17348: gcc -o conftest -g -O2 -ffile-prefix-map=/home/kali/build/gparted/1.4.0/gparted-1.4.0=. -fstack-protector-strong -Wformat -Werror=format-security -Wdate-time -D_FORTIFY_SOURCE=2 -Wl,-z,relro conftest.c  -Wl,-framework -Wl,CoreFoundation >&5
conftest.c:26:10: fatal error: CoreFoundation/CFLocale.h: No such file or directory
   26 | #include <CoreFoundation/CFLocale.h>
      |          ^~~~~~~~~~~~~~~~~~~~~~~~~~~
compilation terminated.
configure:17348: $? = 1
configure: failed program was:
| /* confdefs.h */
| #define PACKAGE_NAME "gparted"
| #define PACKAGE_TARNAME "gparted"
| #define PACKAGE_VERSION "1.4.0"
| #define PACKAGE_STRING "gparted 1.4.0"
| #define PACKAGE_BUGREPORT "https://gitlab.gnome.org/GNOME/gparted/issues"
| #define PACKAGE_URL ""
| #define PACKAGE "gparted"
| #define VERSION "1.4.0"
| #define HAVE_STDIO_H 1
| #define HAVE_STDLIB_H 1
| #define HAVE_STRING_H 1
| #define HAVE_INTTYPES_H 1
| #define HAVE_STDINT_H 1
| #define HAVE_STRINGS_H 1
| #define HAVE_SYS_STAT_H 1
| #define HAVE_SYS_TYPES_H 1
| #define HAVE_UNISTD_H 1
| #define STDC_HEADERS 1
| #define HAVE_DLFCN_H 1
| #define LT_OBJDIR ".libs/"
| #define GETTEXT_PACKAGE "gparted"
| #define HAVE_LOCALE_H 1
| #define HAVE_LC_MESSAGES 1
| /* end confdefs.h.  */
| #include <CoreFoundation/CFLocale.h>
| int
| main (void)
| {
| CFLocaleCopyCurrent();
|   ;
|   return 0;
| }
configure:17358: result: no
configure:17372: checking for libintl.h
configure:17372: gcc -c -g -O2 -ffile-prefix-map=/home/kali/build/gparted/1.4.0/gparted-1.4.0=. -fstack-protector-strong -Wformat -Werror=format-security -Wdate-time -D_FORTIFY_SOURCE=2 conftest.c >&5
configure:17372: $? = 0
configure:17372: result: yes
configure:17381: checking for ngettext in libc
configure:17400: gcc -o conftest -g -O2 -ffile-prefix-map=/home/kali/build/gparted/1.4.0/gparted-1.4.0=. -fstack-protector-strong -Wformat -Werror=format-security -Wdate-time -D_FORTIFY_SOURCE=2 -Wl,-z,relro conftest.c  >&5
configure:17400: $? = 0
configure:17410: result: yes
configure:17414: checking for dgettext in libc
configure:17433: gcc -o conftest -g -O2 -ffile-prefix-map=/home/kali/build/gparted/1.4.0/gparted-1.4.0=. -fstack-protector-strong -Wformat -Werror=format-security -Wdate-time -D_FORTIFY_SOURCE=2 -Wl,-z,relro conftest.c  >&5
configure:17433: $? = 0
configure:17443: result: yes
configure:17448: checking for bind_textdomain_codeset
configure:17448: gcc -o conftest -g -O2 -ffile-prefix-map=/home/kali/build/gparted/1.4.0/gparted-1.4.0=. -fstack-protector-strong -Wformat -Werror=format-security -Wdate-time -D_FORTIFY_SOURCE=2 -Wl,-z,relro conftest.c  >&5
configure:17448: $? = 0
configure:17448: result: yes
configure:17718: checking for msgfmt
configure:17746: result: /usr/bin/msgfmt
configure:17755: checking for dcgettext
configure:17755: gcc -o conftest -g -O2 -ffile-prefix-map=/home/kali/build/gparted/1.4.0/gparted-1.4.0=. -fstack-protector-strong -Wformat -Werror=format-security -Wdate-time -D_FORTIFY_SOURCE=2 -Wl,-z,relro conftest.c   >&5
conftest.c:44:6: warning: conflicting types for built-in function 'dcgettext'; expected 'char *(const char *, const char *, int)' [-Wbuiltin-declaration-mismatch]
   44 | char dcgettext ();
      |      ^~~~~~~~~
configure:17755: $? = 0
configure:17755: result: yes
configure:17763: checking if msgfmt accepts -c
configure:17778: $MSGFMT -c -o /dev/null conftest.foo
conftest.foo:3: warning: header field 'Language' missing in header
configure:17781: $? = 0
configure:17783: result: yes
configure:17793: checking for gmsgfmt
configure:17829: result: /usr/bin/msgfmt
configure:17839: checking for xgettext
configure:17867: result: /usr/bin/xgettext
configure:17886: gcc -o conftest -g -O2 -ffile-prefix-map=/home/kali/build/gparted/1.4.0/gparted-1.4.0=. -fstack-protector-strong -Wformat -Werror=format-security -Wdate-time -D_FORTIFY_SOURCE=2 -Wl,-z,relro conftest.c   >&5
configure:17886: $? = 0
configure:18027: checking whether NLS is requested
configure:18037: result: yes
configure:18055: checking for intltool >= 0.36.0
configure:18057: result: 0.51.0 found
configure:18065: checking for intltool-update
configure:18088: found /usr/bin/intltool-update
configure:18100: result: /usr/bin/intltool-update
configure:18110: checking for intltool-merge
configure:18133: found /usr/bin/intltool-merge
configure:18145: result: /usr/bin/intltool-merge
configure:18155: checking for intltool-extract
configure:18178: found /usr/bin/intltool-extract
configure:18190: result: /usr/bin/intltool-extract
configure:18344: checking for xgettext
configure:18379: result: /usr/bin/xgettext
configure:18389: checking for msgmerge
configure:18412: found /usr/bin/msgmerge
configure:18424: result: /usr/bin/msgmerge
configure:18434: checking for msgfmt
configure:18469: result: /usr/bin/msgfmt
configure:18479: checking for gmsgfmt
configure:18515: result: /usr/bin/msgfmt
configure:18535: checking for perl
configure:18558: found /usr/bin/perl
configure:18570: result: /usr/bin/perl
configure:18581: checking for perl >= 5.8.1
configure:18588: result: 5.34.0
configure:18592: checking for XML::Parser
configure:18595: result: ok
configure:18610: checking for uuid_generate in -luuid
configure:18633: gcc -o conftest -g -O2 -ffile-prefix-map=/home/kali/build/gparted/1.4.0/gparted-1.4.0=. -fstack-protector-strong -Wformat -Werror=format-security -Wdate-time -D_FORTIFY_SOURCE=2 -Wl,-z,relro conftest.c -luuid   >&5
configure:18633: $? = 0
configure:18643: result: yes
configure:18655: checking for dlopen in -ldl
configure:18678: gcc -o conftest -g -O2 -ffile-prefix-map=/home/kali/build/gparted/1.4.0/gparted-1.4.0=. -fstack-protector-strong -Wformat -Werror=format-security -Wdate-time -D_FORTIFY_SOURCE=2 -Wl,-z,relro conftest.c -ldl  -luuid  >&5
configure:18678: $? = 0
configure:18688: result: yes
configure:18700: checking for ped_device_read in -lparted
configure:18723: gcc -o conftest -g -O2 -ffile-prefix-map=/home/kali/build/gparted/1.4.0/gparted-1.4.0=. -fstack-protector-strong -Wformat -Werror=format-security -Wdate-time -D_FORTIFY_SOURCE=2 -Wl,-z,relro conftest.c -lparted  -ldl -luuid  >&5
configure:18723: $? = 0
configure:18733: result: yes
configure:18748: checking for libparted >= 2.2 (querying pkg-config)
configure:18753: $PKG_CONFIG --exists --print-errors "libparted"
configure:18756: $? = 0
configure:18761: result: 3.5
configure:18821: checking for 2.0 <= libparted <= 3.0 (loop table creation doesn't delete old partitions)
configure:18837: result: (cached) no
configure:18843: checking for ped_file_system_resize in -lparted
configure:18866: gcc -o conftest -g -O2 -ffile-prefix-map=/home/kali/build/gparted/1.4.0/gparted-1.4.0=. -fstack-protector-strong -Wformat -Werror=format-security -Wdate-time -D_FORTIFY_SOURCE=2 -Wl,-z,relro conftest.c -lparted  -lparted -ldl -luuid  >&5
/usr/bin/ld: /tmp/ccHPCKQS.o: in function `main':
./conftest.c:41: undefined reference to `ped_file_system_resize'
collect2: error: ld returned 1 exit status
configure:18866: $? = 1
configure: failed program was:
| /* confdefs.h */
| #define PACKAGE_NAME "gparted"
| #define PACKAGE_TARNAME "gparted"
| #define PACKAGE_VERSION "1.4.0"
| #define PACKAGE_STRING "gparted 1.4.0"
| #define PACKAGE_BUGREPORT "https://gitlab.gnome.org/GNOME/gparted/issues"
| #define PACKAGE_URL ""
| #define PACKAGE "gparted"
| #define VERSION "1.4.0"
| #define HAVE_STDIO_H 1
| #define HAVE_STDLIB_H 1
| #define HAVE_STRING_H 1
| #define HAVE_INTTYPES_H 1
| #define HAVE_STDINT_H 1
| #define HAVE_STRINGS_H 1
| #define HAVE_SYS_STAT_H 1
| #define HAVE_SYS_TYPES_H 1
| #define HAVE_UNISTD_H 1
| #define STDC_HEADERS 1
| #define HAVE_DLFCN_H 1
| #define LT_OBJDIR ".libs/"
| #define GETTEXT_PACKAGE "gparted"
| #define HAVE_LOCALE_H 1
| #define HAVE_LC_MESSAGES 1
| #define HAVE_BIND_TEXTDOMAIN_CODESET 1
| #define HAVE_GETTEXT 1
| #define HAVE_DCGETTEXT 1
| #define ENABLE_NLS 1
| #define HAVE_LIBUUID 1
| #define HAVE_LIBDL 1
| #define HAVE_LIBPARTED 1
| /* end confdefs.h.  */
| 
| /* Override any GCC internal prototype to avoid an error.
|    Use char because int might match the return type of a GCC
|    builtin and then its argument prototype would still apply.  */
| char ped_file_system_resize ();
| int
| main (void)
| {
| return ped_file_system_resize ();
|   ;
|   return 0;
| }
configure:18876: result: no
configure:18889: checking for ped_file_system_resize in -lparted-fs-resize
configure:18912: gcc -o conftest -g -O2 -ffile-prefix-map=/home/kali/build/gparted/1.4.0/gparted-1.4.0=. -fstack-protector-strong -Wformat -Werror=format-security -Wdate-time -D_FORTIFY_SOURCE=2 -Wl,-z,relro conftest.c -lparted-fs-resize  -lparted -ldl -luuid  >&5
configure:18912: $? = 0
configure:18922: result: yes
configure:18937: checking for libparted >= 3.2 (online resize)
configure:18943: result: (cached) yes
configure:18961: checking for gthread-2.0
configure:18968: $PKG_CONFIG --exists --print-errors "gthread-2.0"
configure:18971: $? = 0
configure:18985: $PKG_CONFIG --exists --print-errors "gthread-2.0"
configure:18988: $? = 0
configure:19046: result: yes
configure:19055: checking for gtkmm-3.0 >= 3.4.0
configure:19062: $PKG_CONFIG --exists --print-errors "gtkmm-3.0 >= 3.4.0"
configure:19065: $? = 0
configure:19079: $PKG_CONFIG --exists --print-errors "gtkmm-3.0 >= 3.4.0"
configure:19082: $? = 0
configure:19140: result: yes
configure:19150: checking for glibmm-2.4 >= 2.32.0
configure:19157: $PKG_CONFIG --exists --print-errors "glibmm-2.4 >= 2.32.0"
configure:19160: $? = 0
configure:19174: $PKG_CONFIG --exists --print-errors "glibmm-2.4 >= 2.32.0"
configure:19177: $? = 0
configure:19235: result: yes
configure:19242: checking for glibmm >= 2.45.40 which requires C++11 compilation
configure:19245: $PKG_CONFIG --exists --print-errors "glibmm-2.4 >= 2.45.40"
configure:19248: $? = 0
configure:19251: result: yes
configure:19259: checking for libsigc++ >= 2.5.1 which requires C++11 compilation
configure:19262: $PKG_CONFIG --exists --print-errors "sigc++-2.0 >= 2.5.1"
configure:19265: $? = 0
configure:19268: result: yes
configure:19276: checking for gtkmm >= 3.18.0 which requires C++11 compilation
configure:19279: $PKG_CONFIG --exists --print-errors "gtkmm-3.0 >= 3.18.0"
configure:19282: $? = 0
configure:19285: result: yes
configure:19306: checking whether g++ supports C++11 features with -std=gnu++11
configure:19603: g++ -std=gnu++11 -c -g -O2 -ffile-prefix-map=/home/kali/build/gparted/1.4.0/gparted-1.4.0=. -fstack-protector-strong -Wformat -Werror=format-security -Wdate-time -D_FORTIFY_SOURCE=2 conftest.cpp >&5
configure:19603: $? = 0
configure:19613: result: yes
configure:19979: checking for Gtk::Label::set_xalign() method
configure:19982: $PKG_CONFIG --exists --print-errors "gtkmm-3.0 >= 3.16.0"
configure:19985: $? = 0
configure:19990: result: yes
configure:20000: checking for Gtk::ScrolledWindow::set_propagate_natural_width() method
configure:20003: $PKG_CONFIG --exists --print-errors "gtkmm-3.0 >= 3.22.0"
configure:20006: $? = 0
configure:20011: result: yes
configure:20021: checking for gtk_show_uri_on_window() function
configure:20024: $PKG_CONFIG --exists --print-errors "gtk+-3.0 >= 3.22.0"
configure:20027: $? = 0
configure:20032: result: yes
configure:20062: checking whether help documentation should be built
configure:20068: result: yes
configure:20112: checking for itstool
configure:20133: found /usr/bin/itstool
configure:20144: result: itstool
configure:20159: checking for xmllint
configure:20180: found /usr/bin/xmllint
configure:20191: result: xmllint
configure:20405: checking whether to use native libparted /dev/mapper dmraid support
configure:20414: result: no
configure:20429: checking whether online resize support is enabled
configure:20435: result: yes
configure:20453: checking whether to explicitly grant root access to the display
configure:20459: result: no
configure:20570: checking that generated files are newer than configure
configure:20576: result: done
configure:20623: creating ./config.status

## ---------------------- ##
## Running config.status. ##
## ---------------------- ##

This file was extended by gparted config.status 1.4.0, which was
generated by GNU Autoconf 2.71.  Invocation command line was

  CONFIG_FILES    = 
  CONFIG_HEADERS  = 
  CONFIG_LINKS    = 
  CONFIG_COMMANDS = 
  $ ./config.status 

on kali

config.status:1468: creating Makefile
config.status:1468: creating data/Makefile
config.status:1468: creating data/icons/Makefile
config.status:1468: creating doc/Makefile
config.status:1468: creating help/Makefile
config.status:1468: creating include/Makefile
config.status:1468: creating lib/Makefile
config.status:1468: creating lib/gtest/Makefile
config.status:1468: creating src/Makefile
config.status:1468: creating po/Makefile.in
config.status:1468: creating tests/Makefile
config.status:1468: creating config.h
config.status:1697: executing depfiles commands
config.status:1697: executing libtool commands
config.status:1697: executing default-1 commands
config.status:1697: executing po/stamp-it commands

## ---------------- ##
## Cache variables. ##
## ---------------- ##

ac_cv_build=x86_64-pc-linux-gnu
ac_cv_c_compiler_gnu=yes
ac_cv_cxx_compiler_gnu=yes
ac_cv_env_CCC_set=
ac_cv_env_CCC_value=
ac_cv_env_CC_set=
ac_cv_env_CC_value=
ac_cv_env_CFLAGS_set=set
ac_cv_env_CFLAGS_value='-g -O2 -ffile-prefix-map=/home/kali/build/gparted/1.4.0/gparted-1.4.0=. -fstack-protector-strong -Wformat -Werror=format-security'
ac_cv_env_CPPFLAGS_set=set
ac_cv_env_CPPFLAGS_value='-Wdate-time -D_FORTIFY_SOURCE=2'
ac_cv_env_CXXCPP_set=
ac_cv_env_CXXCPP_value=
ac_cv_env_CXXFLAGS_set=set
ac_cv_env_CXXFLAGS_value='-g -O2 -ffile-prefix-map=/home/kali/build/gparted/1.4.0/gparted-1.4.0=. -fstack-protector-strong -Wformat -Werror=format-security'
ac_cv_env_CXX_set=
ac_cv_env_CXX_value=
ac_cv_env_GLIBMM_CFLAGS_set=
ac_cv_env_GLIBMM_CFLAGS_value=
ac_cv_env_GLIBMM_LIBS_set=
ac_cv_env_GLIBMM_LIBS_value=
ac_cv_env_GTHREAD_CFLAGS_set=
ac_cv_env_GTHREAD_CFLAGS_value=
ac_cv_env_GTHREAD_LIBS_set=
ac_cv_env_GTHREAD_LIBS_value=
ac_cv_env_GTKMM_CFLAGS_set=
ac_cv_env_GTKMM_CFLAGS_value=
ac_cv_env_GTKMM_LIBS_set=
ac_cv_env_GTKMM_LIBS_value=
ac_cv_env_ITSTOOL_set=
ac_cv_env_ITSTOOL_value=
ac_cv_env_LDFLAGS_set=set
ac_cv_env_LDFLAGS_value=-Wl,-z,relro
ac_cv_env_LIBS_set=
ac_cv_env_LIBS_value=
ac_cv_env_LT_SYS_LIBRARY_PATH_set=
ac_cv_env_LT_SYS_LIBRARY_PATH_value=
ac_cv_env_PKG_CONFIG_LIBDIR_set=
ac_cv_env_PKG_CONFIG_LIBDIR_value=
ac_cv_env_PKG_CONFIG_PATH_set=
ac_cv_env_PKG_CONFIG_PATH_value=
ac_cv_env_PKG_CONFIG_set=
ac_cv_env_PKG_CONFIG_value=
ac_cv_env_XMLLINT_set=
ac_cv_env_XMLLINT_value=
ac_cv_env_build_alias_set=set
ac_cv_env_build_alias_value=x86_64-linux-gnu
ac_cv_env_host_alias_set=
ac_cv_env_host_alias_value=
ac_cv_env_target_alias_set=
ac_cv_env_target_alias_value=
ac_cv_func_bind_textdomain_codeset=yes
ac_cv_func_dcgettext=yes
ac_cv_header_dlfcn_h=yes
ac_cv_header_inttypes_h=yes
ac_cv_header_libintl_h=yes
ac_cv_header_locale_h=yes
ac_cv_header_stdint_h=yes
ac_cv_header_stdio_h=yes
ac_cv_header_stdlib_h=yes
ac_cv_header_string_h=yes
ac_cv_header_strings_h=yes
ac_cv_header_sys_stat_h=yes
ac_cv_header_sys_types_h=yes
ac_cv_header_unistd_h=yes
ac_cv_host=x86_64-pc-linux-gnu
ac_cv_lib_dl_dlopen=yes
ac_cv_lib_parted_fs_resize_ped_file_system_resize=yes
ac_cv_lib_parted_ped_device_read=yes
ac_cv_lib_parted_ped_file_system_resize=no
ac_cv_lib_uuid_uuid_generate=yes
ac_cv_objext=o
ac_cv_path_EGREP='/usr/bin/grep -E'
ac_cv_path_FGREP='/usr/bin/grep -F'
ac_cv_path_GMSGFMT=/usr/bin/msgfmt
ac_cv_path_GREP=/usr/bin/grep
ac_cv_path_INTLTOOL_EXTRACT=/usr/bin/intltool-extract
ac_cv_path_INTLTOOL_MERGE=/usr/bin/intltool-merge
ac_cv_path_INTLTOOL_PERL=/usr/bin/perl
ac_cv_path_INTLTOOL_UPDATE=/usr/bin/intltool-update
ac_cv_path_MSGFMT=/usr/bin/msgfmt
ac_cv_path_MSGMERGE=/usr/bin/msgmerge
ac_cv_path_SED=/usr/bin/sed
ac_cv_path_XGETTEXT=/usr/bin/xgettext
ac_cv_path_ac_pt_PKG_CONFIG=/usr/bin/pkg-config
ac_cv_path_install='/usr/bin/install -c'
ac_cv_path_lt_DD=/usr/bin/dd
ac_cv_path_mkdir=/usr/bin/mkdir
ac_cv_prog_AWK=gawk
ac_cv_prog_CXXCPP='g++ -E'
ac_cv_prog_ITSTOOL=itstool
ac_cv_prog_XMLLINT=xmllint
ac_cv_prog_ac_ct_AR=ar
ac_cv_prog_ac_ct_CC=gcc
ac_cv_prog_ac_ct_CXX=g++
ac_cv_prog_ac_ct_FILECMD=file
ac_cv_prog_ac_ct_MANIFEST_TOOL=mt
ac_cv_prog_ac_ct_OBJDUMP=objdump
ac_cv_prog_ac_ct_RANLIB=ranlib
ac_cv_prog_ac_ct_STRIP=strip
ac_cv_prog_cc_c11=
ac_cv_prog_cc_g=yes
ac_cv_prog_cc_stdc=
ac_cv_prog_cxx_11=no
ac_cv_prog_cxx_cxx11=
ac_cv_prog_cxx_g=yes
ac_cv_prog_cxx_stdcxx=
ac_cv_prog_make_make_set=yes
am_cv_CC_dependencies_compiler_type=none
am_cv_CXX_dependencies_compiler_type=none
am_cv_make_support_nested_variables=yes
am_cv_prog_cc_c_o=yes
am_cv_val_LC_MESSAGES=yes
ax_cv_cxx_compile_cxx11__std_gnupp11=yes
gt_cv_func_CFLocaleCopyCurrent=no
gt_cv_func_CFPreferencesCopyAppValue=no
gt_cv_func_dgettext_libc=yes
gt_cv_func_dgettext_libintl=no
gt_cv_func_ngettext_libc=yes
gt_cv_have_gettext=yes
lt_cv_ar_at_file=@
lt_cv_archive_cmds_need_lc=no
lt_cv_deplibs_check_method=pass_all
lt_cv_file_magic_cmd='$MAGIC_CMD'
lt_cv_file_magic_test_file=
lt_cv_ld_reload_flag=-r
lt_cv_nm_interface='BSD nm'
lt_cv_objdir=.libs
lt_cv_path_LD=/usr/bin/ld
lt_cv_path_LDCXX='/usr/bin/ld -m elf_x86_64'
lt_cv_path_NM='/usr/bin/nm -B'
lt_cv_path_mainfest_tool=no
lt_cv_prog_compiler_c_o=yes
lt_cv_prog_compiler_c_o_CXX=yes
lt_cv_prog_compiler_pic='-fPIC -DPIC'
lt_cv_prog_compiler_pic_CXX='-fPIC -DPIC'
lt_cv_prog_compiler_pic_works=yes
lt_cv_prog_compiler_pic_works_CXX=yes
lt_cv_prog_compiler_rtti_exceptions=no
lt_cv_prog_compiler_static_works=yes
lt_cv_prog_compiler_static_works_CXX=yes
lt_cv_prog_gnu_ld=yes
lt_cv_prog_gnu_ldcxx=yes
lt_cv_sharedlib_from_linklib_cmd='printf %s\n'
lt_cv_shlibpath_overrides_runpath=yes
lt_cv_sys_global_symbol_pipe='/usr/bin/sed -n -e '\''s/^.*[	 ]\([ABCDGIRSTW][ABCDGIRSTW]*\)[	 ][	 ]*\([_A-Za-z][_A-Za-z0-9]*\)$/\1 \2 \2/p'\'' | /usr/bin/sed '\''/ __gnu_lto/d'\'''
lt_cv_sys_global_symbol_to_c_name_address='/usr/bin/sed -n -e '\''s/^: \(.*\) .*$/  {"\1", (void *) 0},/p'\'' -e '\''s/^[ABCDGIRSTW][ABCDGIRSTW]* .* \(.*\)$/  {"\1", (void *) \&\1},/p'\'''
lt_cv_sys_global_symbol_to_c_name_address_lib_prefix='/usr/bin/sed -n -e '\''s/^: \(.*\) .*$/  {"\1", (void *) 0},/p'\'' -e '\''s/^[ABCDGIRSTW][ABCDGIRSTW]* .* \(lib.*\)$/  {"\1", (void *) \&\1},/p'\'' -e '\''s/^[ABCDGIRSTW][ABCDGIRSTW]* .* \(.*\)$/  {"lib\1", (void *) \&\1},/p'\'''
lt_cv_sys_global_symbol_to_cdecl='/usr/bin/sed -n -e '\''s/^T .* \(.*\)$/extern int \1();/p'\'' -e '\''s/^[ABCDGIRSTW][ABCDGIRSTW]* .* \(.*\)$/extern char \1;/p'\'''
lt_cv_sys_global_symbol_to_import=
lt_cv_sys_max_cmd_len=1572864
lt_cv_to_host_file_cmd=func_convert_file_noop
lt_cv_to_tool_file_cmd=func_convert_file_noop
lt_cv_truncate_bin='/usr/bin/dd bs=4096 count=1'
pkg_cv_GLIBMM_CFLAGS='-I/usr/include/glibmm-2.4 -I/usr/lib/x86_64-linux-gnu/glibmm-2.4/include -I/usr/include/glib-2.0 -I/usr/lib/x86_64-linux-gnu/glib-2.0/include -I/usr/include/sigc++-2.0 -I/usr/lib/x86_64-linux-gnu/sigc++-2.0/include'
pkg_cv_GLIBMM_LIBS='-lglibmm-2.4 -lgobject-2.0 -lglib-2.0 -lsigc-2.0'
pkg_cv_GTHREAD_CFLAGS='-pthread -I/usr/include/glib-2.0 -I/usr/lib/x86_64-linux-gnu/glib-2.0/include'
pkg_cv_GTHREAD_LIBS='-lgthread-2.0 -pthread -lglib-2.0'
pkg_cv_GTKMM_CFLAGS='-pthread -I/usr/include/gtkmm-3.0 -I/usr/lib/x86_64-linux-gnu/gtkmm-3.0/include -I/usr/include/atkmm-1.6 -I/usr/lib/x86_64-linux-gnu/atkmm-1.6/include -I/usr/include/gtk-3.0/unix-print -I/usr/include/gdkmm-3.0 -I/usr/lib/x86_64-linux-gnu/gdkmm-3.0/include -I/usr/include/giomm-2.4 -I/usr/lib/x86_64-linux-gnu/giomm-2.4/include -I/usr/include/gtk-3.0 -I/usr/include/at-spi2-atk/2.0 -I/usr/include/at-spi-2.0 -I/usr/include/dbus-1.0 -I/usr/lib/x86_64-linux-gnu/dbus-1.0/include -I/usr/include/gtk-3.0 -I/usr/include/gio-unix-2.0 -I/usr/include/cairo -I/usr/include/atk-1.0 -I/usr/include/cairo -I/usr/include/pangomm-1.4 -I/usr/lib/x86_64-linux-gnu/pangomm-1.4/include -I/usr/include/glibmm-2.4 -I/usr/lib/x86_64-linux-gnu/glibmm-2.4/include -I/usr/include/cairomm-1.0 -I/usr/lib/x86_64-linux-gnu/cairomm-1.0/include -I/usr/include/sigc++-2.0 -I/usr/lib/x86_64-linux-gnu/sigc++-2.0/include -I/usr/include/pango-1.0 -I/usr/include/harfbuzz -I/usr/include/pango-1.0 -I/usr/include/fribidi -I/usr/include/harfbuzz -I/usr/include/cairo -I/usr/include/pixman-1 -I/usr/include/uuid -I/usr/include/freetype2 -I/usr/include/gdk-pixbuf-2.0 -I/usr/include/libpng16 -I/usr/include/x86_64-linux-gnu -I/usr/include/libmount -I/usr/include/blkid -I/usr/include/glib-2.0 -I/usr/lib/x86_64-linux-gnu/glib-2.0/include'
pkg_cv_GTKMM_LIBS='-lgtkmm-3.0 -latkmm-1.6 -lgdkmm-3.0 -lgiomm-2.4 -lgtk-3 -lgdk-3 -latk-1.0 -lcairo-gobject -lgio-2.0 -lpangomm-1.4 -lglibmm-2.4 -lcairomm-1.0 -lsigc-2.0 -lpangocairo-1.0 -lpango-1.0 -lharfbuzz -lcairo -lgdk_pixbuf-2.0 -lgobject-2.0 -lglib-2.0'

## ----------------- ##
## Output variables. ##
## ----------------- ##
















	          dname=$$(dirname "$$dname"); \
	          pars="../$$pars"; \
	        $(LN_S) -f $$pars"C/$(HELP_ID)/$$f" "$$helpdir$$f" || exit 1; \
	        dname="$$f"; \
	        done; \
	        echo "$(LN_S) -f $(HELP_DIR)/C/$(HELP_ID)/$$f $$helpdir$$f"; \
	        pars="../"; \
	        while test "$$dname" != "." -a "$$dname" != "/"; do \
	      $(INSTALL_DATA) "$$d$$lc/$$f" "$$helpdir$$f" || exit 1; \
	      echo "$(INSTALL_DATA) $$d$$lc/$$f $$helpdir$$f"; \
	      fi; \
	      if test "x$(YELP_LC_MEDIA_LINKS)" != "x"; then \
	    $(ITSTOOL) -o "$(notdir $@).tmp" $(_HELP_C_FILES) && \
	    $(ITSTOOL) -o "$(notdir $@).tmp" $(_HELP_C_FILES) && \
	    $(XMLLINT) --nonet --noout --noent --path "$$xmlpath" --xinclude "$$d$$lc/$$page"; \
	    cp -p "$$d$$lc/$$file" "$(distdir)/$$lc/" || exit 1; \
	    d="$(srcdir)/"; \
	    echo "$(XMLLINT) --nonet --noout --noent --path $$xmlpath --xinclude $$d$$lc/$$page"; \
	    echo "rm -f $$helpdir$$f"; \
	    elif test "x$$lc" != "xC"; then \
	    fi; \
	    helpdir="$(DESTDIR)$(HELP_DIR)/$$lc/$(HELP_ID)/"; \
	    helpdir="$(DESTDIR)$(HELP_DIR)/$$lc/$(HELP_ID)/"; \
	    if ! test -d "$$helpdir$$mdir"; then $(mkinstalldirs) "$$helpdir$$mdir"; fi; \
	    if test "x$mdir" = "x."; then mdir=""; fi; \
	    if test -f "$$d$$lc/$$f"; then \
	    if test -f "$$lc$$f"; then d=; else d="$(srcdir)/"; fi; \
	    if test -f "$$lc/$$file"; then d=./; else d=$(srcdir)/; fi; \
	    mdir=`dirname "$$f"`; \
	    msgmerge -o "$(notdir $@)" "$(notdir $@)" "$(notdir $@).tmp" && \
	    mv "$(notdir $@).tmp" "$(notdir $@)"); \
	    rm "$(notdir $@).tmp"); \
	    rm -f "$$helpdir$$f"; \
	    then d=; \
	    xmlpath="$$lc"; \
	    xmlpath="$$lc:$(srcdir)/$$lc"; \
	  $(INSTALL_DATA) "$$d$$f" "$$helpdir`basename $$f`" || exit 1; \
	  $(INSTALL_DATA) "$$d$$lc/$$f" "$$helpdir`basename $$f`" || exit 1; \
	  $(MKDIR_P) "$(distdir)/$$lc"; \
	  $(mkinstalldirs) "$(DESTDIR)$(HELP_DIR)/$$lc/$(HELP_ID)" || exit 1; \
	  (cd "$(dir $@)" && \
	  (cd "$(dir $@)" && \
	  done; \
	  done; \
	  done; \
	  done; \
	  echo "$(INSTALL_DATA) $$d$$f $$helpdir`basename $$f`"; \
	  echo "$(INSTALL_DATA) $$d$$lc/$$f $$helpdir`basename $$f`"; \
	  echo "rm -f $$helpdir`basename $$f`"; \
	  echo "rm -f $$helpdir`basename $$f`"; \
	  else \
	  fi; \
	  for file in $(HELP_FILES); do \
	  for lc in C $(_HELP_LINGUAS); do \
	  for lc in C $(_HELP_LINGUAS); do \
	  for page in $(HELP_FILES); do \
	  helpdir="$(DESTDIR)$(HELP_DIR)/$$lc/$(HELP_ID)/"; \
	  helpdir="$(DESTDIR)$(HELP_DIR)/$$lc/$(HELP_ID)/"; \
	  helpdir="$(DESTDIR)$(HELP_DIR)/$$lc/$(HELP_ID)/"; \
	  helpdir="$(DESTDIR)$(HELP_DIR)/$$lc/$(HELP_ID)/"; \
	  if ! test -d "$$helpdir"; then $(mkinstalldirs) "$$helpdir"; fi; \
	  if ! test -d "$$helpdir"; then $(mkinstalldirs) "$$helpdir"; fi; \
	  if test "x$(_HELP_V)" = "x0"; then echo "  GEN    $${po}"; fi; \
	  if test -d "$$lc"; \
	  if test -f "$$f"; then d=; else d="$(srcdir)/"; fi; \
	  if test -f "$$lc/$$f"; then d=; else d="$(srcdir)/"; fi; \
	  lc=`dirname "$$f"`; lc=`basename "$$lc"`; \
	  lc=`dirname "$$f"`; lc=`basename "$$lc"`; \
	  msgmerge -q -o "$${po}" "$${po}" "$(_HELP_POTFILE)"; \
	  rm -f "$$helpdir`basename $$f`"; \
	  rm -f "$$helpdir`basename $$f`"; \
	$(AM_V_GEN)if ! test -f "$@"; then \
	$(AM_V_GEN)if test -d "C"; then d=; else d="$(srcdir)/"; fi; \
	$(AM_V_GEN)msgfmt -o "$@" "$<"
	$(AM_V_at)for po in $(_HELP_POFILES); do \
	$(AM_V_at)if ! test -d "$(dir $@)"; then mkdir "$(dir $@)"; fi
	$(AM_V_at)if ! test -d "$(dir $@)"; then mkdir "$(dir $@)"; fi
	$(AM_V_at)if ! test -d "$(dir $@)"; then mkdir "$(dir $@)"; fi
	$(AM_V_at)if test ! -f "$@" -a -f "$(srcdir)/$@"; then cp "$(srcdir)/$@" "$@"; fi
	$(ITSTOOL) -o "$@" $(foreach f,$(_HELP_C_FILES),"$${d}$(f)")
	$(_HELP_LC_VERBOSE)if test -d "C"; then d="../"; else d="$(abs_srcdir)/"; fi; \
	$(file >clean-help-files,$(_HELP_LC_FILES) $(_HELP_LC_STAMPS) $(_HELP_MOFILES))
	(cd "$(dir $@)" && $(ITSTOOL) -m "$${mo}" $(foreach f,$(_HELP_C_FILES),$${d}/$(f))) && \
	@for f in $(HELP_MEDIA); do \
	@for f in $(HELP_MEDIA); do \
	@for f in $(_HELP_C_EXTRA); do \
	@for f in $(_HELP_C_EXTRA); do \
	@for lc in C $(_HELP_LINGUAS); do \
	@for lc in C $(_HELP_LINGUAS); do for f in $(HELP_FILES); do \
	@for lc in C $(if $(YELP_LC_DIST),$(HELP_LINGUAS)) ; do \
	@xargs -t rm -f < clean-help-files
	done
	done
	done
	done
	done
	done
	done;
	done; \
	done; done
	done; done
	else \
	fi
	for lc in C $(_HELP_LINGUAS); do \
	for lc in C $(_HELP_LINGUAS); do for f in $(HELP_FILES); do \
	if test -f "$${mo}"; then mo="../$${mo}"; else mo="$(abs_srcdir)/$${mo}"; fi; \
	mo="$(dir $@)$(patsubst %/$(notdir $@),%,$@).mo"; \
	rm -f clean-help-files
	touch "$@"
$(_HELP_LC_FILES): $(_HELP_LINGUAS)
$(_HELP_LC_STAMPS): $(_HELP_C_FILES) $(_HELP_C_EXTRA)
$(_HELP_LC_STAMPS): %.stamp: %.mo
$(_HELP_LINGUAS): $(_HELP_LC_STAMPS)
$(_HELP_MOFILES): %.mo: %.po
$(_HELP_POFILES):
$(_HELP_POTFILE): $(_HELP_C_FILES) $(_HELP_C_EXTRA) $(_HELP_C_MEDIA)
'
.PHONY: check-help
.PHONY: clean-help
.PHONY: install-help
.PHONY: pot
.PHONY: repo
.PHONY: uninstall-help
ACLOCAL='${SHELL} '\''/home/kali/build/gparted/1.4.0/gparted-1.4.0/missing'\'' aclocal-1.16'
ALL_LINGUAS=''
AMDEPBACKSLASH=''
AMDEP_FALSE=''
AMDEP_TRUE='#'
AMTAR='$${TAR-tar}'
AM_BACKSLASH='\'
AM_DEFAULT_V='$(AM_DEFAULT_VERBOSITY)'
AM_DEFAULT_VERBOSITY='1'
AM_V='$(V)'
AR='ar'
AUTOCONF='${SHELL} '\''/home/kali/build/gparted/1.4.0/gparted-1.4.0/missing'\'' autoconf'
AUTOHEADER='${SHELL} '\''/home/kali/build/gparted/1.4.0/gparted-1.4.0/missing'\'' autoheader'
AUTOMAKE='${SHELL} '\''/home/kali/build/gparted/1.4.0/gparted-1.4.0/missing'\'' automake-1.16'
AWK='gawk'
BUILD_HELP_DOC_FALSE='#'
BUILD_HELP_DOC_TRUE=''
CATALOGS=''
CATOBJEXT='.gmo'
CC='gcc'
CCDEPMODE='depmode=none'
CFLAGS='-g -O2 -ffile-prefix-map=/home/kali/build/gparted/1.4.0/gparted-1.4.0=. -fstack-protector-strong -Wformat -Werror=format-security'
CPPFLAGS='-Wdate-time -D_FORTIFY_SOURCE=2'
CSCOPE='cscope'
CTAGS='ctags'
CXX='g++ -std=gnu++11'
CXXCPP='g++ -E -std=gnu++11'
CXXDEPMODE='depmode=none'
CXXFLAGS='-g -O2 -ffile-prefix-map=/home/kali/build/gparted/1.4.0/gparted-1.4.0=. -fstack-protector-strong -Wformat -Werror=format-security'
CYGPATH_W='echo'
DATADIRNAME='share'
DEFS='-DHAVE_CONFIG_H'
DEPDIR='.deps'
DLLTOOL='false'
DSYMUTIL=''
DUMPBIN=''
ECHO_C=''
ECHO_N='-n'
ECHO_T=''
EGREP='/usr/bin/grep -E'
ENABLE_XHOST_ROOT='no'
ETAGS='etags'
EXEEXT=''
EXTRA_DIST += $(_HELP_C_EXTRA) $(_HELP_C_MEDIA)
EXTRA_DIST += $(foreach f,$(HELP_MEDIA),$(foreach lc,$(HELP_LINGUAS),$(wildcard $(lc)/$(f))))
EXTRA_DIST += $(foreach lc,$(HELP_LINGUAS),$(lc)/$(lc).po)
EXTRA_DIST += $(if $(YELP_LC_DIST),$(foreach lc,$(HELP_LINGUAS),$(lc)/$(lc).stamp))
EXTRA_DIST ?=
FGREP='/usr/bin/grep -F'
FILECMD='file'
GETTEXT_PACKAGE='gparted'
GKSUPROG='pkexec --disable-internal-agent'
GLIBMM_CFLAGS='-I/usr/include/glibmm-2.4 -I/usr/lib/x86_64-linux-gnu/glibmm-2.4/include -I/usr/include/glib-2.0 -I/usr/lib/x86_64-linux-gnu/glib-2.0/include -I/usr/include/sigc++-2.0 -I/usr/lib/x86_64-linux-gnu/sigc++-2.0/include'
GLIBMM_LIBS='-lglibmm-2.4 -lgobject-2.0 -lglib-2.0 -lsigc-2.0'
GMOFILES=''
GMSGFMT='/usr/bin/msgfmt'
GREP='/usr/bin/grep'
GTEST_CPPFLAGS='-DGTEST_HAS_PTHREAD=1'
GTEST_CXXFLAGS='-pthread -I/usr/include/glib-2.0 -I/usr/lib/x86_64-linux-gnu/glib-2.0/include -pthread -I/usr/include/gtkmm-3.0 -I/usr/lib/x86_64-linux-gnu/gtkmm-3.0/include -I/usr/include/atkmm-1.6 -I/usr/lib/x86_64-linux-gnu/atkmm-1.6/include -I/usr/include/gtk-3.0/unix-print -I/usr/include/gdkmm-3.0 -I/usr/lib/x86_64-linux-gnu/gdkmm-3.0/include -I/usr/include/giomm-2.4 -I/usr/lib/x86_64-linux-gnu/giomm-2.4/include -I/usr/include/gtk-3.0 -I/usr/include/at-spi2-atk/2.0 -I/usr/include/at-spi-2.0 -I/usr/include/dbus-1.0 -I/usr/lib/x86_64-linux-gnu/dbus-1.0/include -I/usr/include/gtk-3.0 -I/usr/include/gio-unix-2.0 -I/usr/include/cairo -I/usr/include/atk-1.0 -I/usr/include/cairo -I/usr/include/pangomm-1.4 -I/usr/lib/x86_64-linux-gnu/pangomm-1.4/include -I/usr/include/glibmm-2.4 -I/usr/lib/x86_64-linux-gnu/glibmm-2.4/include -I/usr/include/cairomm-1.0 -I/usr/lib/x86_64-linux-gnu/cairomm-1.0/include -I/usr/include/sigc++-2.0 -I/usr/lib/x86_64-linux-gnu/sigc++-2.0/include -I/usr/include/pango-1.0 -I/usr/include/harfbuzz -I/usr/include/pango-1.0 -I/usr/include/fribidi -I/usr/include/harfbuzz -I/usr/include/cairo -I/usr/include/pixman-1 -I/usr/include/uuid -I/usr/include/freetype2 -I/usr/include/gdk-pixbuf-2.0 -I/usr/include/libpng16 -I/usr/include/x86_64-linux-gnu -I/usr/include/libmount -I/usr/include/blkid -I/usr/include/glib-2.0 -I/usr/lib/x86_64-linux-gnu/glib-2.0/include'
GTEST_LDFLAGS=''
GTEST_LIBS='-lgthread-2.0 -pthread -lglib-2.0 -lgtkmm-3.0 -latkmm-1.6 -lgdkmm-3.0 -lgiomm-2.4 -lgtk-3 -lgdk-3 -latk-1.0 -lcairo-gobject -lgio-2.0 -lpangomm-1.4 -lglibmm-2.4 -lcairomm-1.0 -lsigc-2.0 -lpangocairo-1.0 -lpango-1.0 -lharfbuzz -lcairo -lgdk_pixbuf-2.0 -lgobject-2.0 -lglib-2.0'
GTHREAD_CFLAGS='-pthread -I/usr/include/glib-2.0 -I/usr/lib/x86_64-linux-gnu/glib-2.0/include'
GTHREAD_LIBS='-lgthread-2.0 -pthread -lglib-2.0'
GTKMM_CFLAGS='-pthread -I/usr/include/gtkmm-3.0 -I/usr/lib/x86_64-linux-gnu/gtkmm-3.0/include -I/usr/include/atkmm-1.6 -I/usr/lib/x86_64-linux-gnu/atkmm-1.6/include -I/usr/include/gtk-3.0/unix-print -I/usr/include/gdkmm-3.0 -I/usr/lib/x86_64-linux-gnu/gdkmm-3.0/include -I/usr/include/giomm-2.4 -I/usr/lib/x86_64-linux-gnu/giomm-2.4/include -I/usr/include/gtk-3.0 -I/usr/include/at-spi2-atk/2.0 -I/usr/include/at-spi-2.0 -I/usr/include/dbus-1.0 -I/usr/lib/x86_64-linux-gnu/dbus-1.0/include -I/usr/include/gtk-3.0 -I/usr/include/gio-unix-2.0 -I/usr/include/cairo -I/usr/include/atk-1.0 -I/usr/include/cairo -I/usr/include/pangomm-1.4 -I/usr/lib/x86_64-linux-gnu/pangomm-1.4/include -I/usr/include/glibmm-2.4 -I/usr/lib/x86_64-linux-gnu/glibmm-2.4/include -I/usr/include/cairomm-1.0 -I/usr/lib/x86_64-linux-gnu/cairomm-1.0/include -I/usr/include/sigc++-2.0 -I/usr/lib/x86_64-linux-gnu/sigc++-2.0/include -I/usr/include/pango-1.0 -I/usr/include/harfbuzz -I/usr/include/pango-1.0 -I/usr/include/fribidi -I/usr/include/harfbuzz -I/usr/include/cairo -I/usr/include/pixman-1 -I/usr/include/uuid -I/usr/include/freetype2 -I/usr/include/gdk-pixbuf-2.0 -I/usr/include/libpng16 -I/usr/include/x86_64-linux-gnu -I/usr/include/libmount -I/usr/include/blkid -I/usr/include/glib-2.0 -I/usr/lib/x86_64-linux-gnu/glib-2.0/include'
GTKMM_LIBS='-lgtkmm-3.0 -latkmm-1.6 -lgdkmm-3.0 -lgiomm-2.4 -lgtk-3 -lgdk-3 -latk-1.0 -lcairo-gobject -lgio-2.0 -lpangomm-1.4 -lglibmm-2.4 -lcairomm-1.0 -lsigc-2.0 -lpangocairo-1.0 -lpango-1.0 -lharfbuzz -lcairo -lgdk_pixbuf-2.0 -lgobject-2.0 -lglib-2.0'
HAVE_CXX11='1'
HELP_DIR='${datadir}/help'
HELP_EXTRA ?=
HELP_FILES ?=
HELP_ID ?=
HELP_LINGUAS ?=
HELP_MEDIA ?=
HELP_POT ?=
INSTALL_DATA='${INSTALL} -m 644'
INSTALL_POLKIT_ACTIONS_FALSE='#'
INSTALL_POLKIT_ACTIONS_TRUE=''
INSTALL_PROGRAM='${INSTALL}'
INSTALL_SCRIPT='${INSTALL}'
INSTALL_STRIP_PROGRAM='$(install_sh) -c -s'
INSTOBJEXT='.mo'
INTLLIBS=''
INTLTOOL_CAVES_RULE='%.caves:     %.caves.in     $(INTLTOOL_MERGE) $(wildcard $(top_srcdir)/po/*.po) ; $(INTLTOOL_V_MERGE)LC_ALL=C $(INTLTOOL_MERGE) $(INTLTOOL_V_MERGE_OPTIONS) -d -u -c $(top_builddir)/po/.intltool-merge-cache $(top_srcdir)/po $< $@'
INTLTOOL_DESKTOP_RULE='%.desktop:   %.desktop.in   $(INTLTOOL_MERGE) $(wildcard $(top_srcdir)/po/*.po) ; $(INTLTOOL_V_MERGE)LC_ALL=C $(INTLTOOL_MERGE) $(INTLTOOL_V_MERGE_OPTIONS) -d -u -c $(top_builddir)/po/.intltool-merge-cache $(top_srcdir)/po $< $@'
INTLTOOL_DIRECTORY_RULE='%.directory: %.directory.in $(INTLTOOL_MERGE) $(wildcard $(top_srcdir)/po/*.po) ; $(INTLTOOL_V_MERGE)LC_ALL=C $(INTLTOOL_MERGE) $(INTLTOOL_V_MERGE_OPTIONS) -d -u -c $(top_builddir)/po/.intltool-merge-cache $(top_srcdir)/po $< $@'
INTLTOOL_EXTRACT='/usr/bin/intltool-extract'
INTLTOOL_KBD_RULE='%.kbd:       %.kbd.in       $(INTLTOOL_MERGE) $(wildcard $(top_srcdir)/po/*.po) ; $(INTLTOOL_V_MERGE)LC_ALL=C $(INTLTOOL_MERGE) $(INTLTOOL_V_MERGE_OPTIONS) -x -u -m -c $(top_builddir)/po/.intltool-merge-cache $(top_srcdir)/po $< $@'
INTLTOOL_KEYS_RULE='%.keys:      %.keys.in      $(INTLTOOL_MERGE) $(wildcard $(top_srcdir)/po/*.po) ; $(INTLTOOL_V_MERGE)LC_ALL=C $(INTLTOOL_MERGE) $(INTLTOOL_V_MERGE_OPTIONS) -k -u -c $(top_builddir)/po/.intltool-merge-cache $(top_srcdir)/po $< $@'
INTLTOOL_MERGE='/usr/bin/intltool-merge'
INTLTOOL_OAF_RULE='%.oaf:       %.oaf.in       $(INTLTOOL_MERGE) $(wildcard $(top_srcdir)/po/*.po) ; $(INTLTOOL_V_MERGE)LC_ALL=C $(INTLTOOL_MERGE) $(INTLTOOL_V_MERGE_OPTIONS) -o -p $(top_srcdir)/po $< $@'
INTLTOOL_PERL='/usr/bin/perl'
INTLTOOL_POLICY_RULE='%.policy:    %.policy.in    $(INTLTOOL_MERGE) $(wildcard $(top_srcdir)/po/*.po) ; $(INTLTOOL_V_MERGE)LC_ALL=C $(INTLTOOL_MERGE) $(INTLTOOL_V_MERGE_OPTIONS) -x -u -c $(top_builddir)/po/.intltool-merge-cache $(top_srcdir)/po $< $@'
INTLTOOL_PONG_RULE='%.pong:      %.pong.in      $(INTLTOOL_MERGE) $(wildcard $(top_srcdir)/po/*.po) ; $(INTLTOOL_V_MERGE)LC_ALL=C $(INTLTOOL_MERGE) $(INTLTOOL_V_MERGE_OPTIONS) -x -u -c $(top_builddir)/po/.intltool-merge-cache $(top_srcdir)/po $< $@'
INTLTOOL_PROP_RULE='%.prop:      %.prop.in      $(INTLTOOL_MERGE) $(wildcard $(top_srcdir)/po/*.po) ; $(INTLTOOL_V_MERGE)LC_ALL=C $(INTLTOOL_MERGE) $(INTLTOOL_V_MERGE_OPTIONS) -d -u -c $(top_builddir)/po/.intltool-merge-cache $(top_srcdir)/po $< $@'
INTLTOOL_SCHEMAS_RULE='%.schemas:   %.schemas.in   $(INTLTOOL_MERGE) $(wildcard $(top_srcdir)/po/*.po) ; $(INTLTOOL_V_MERGE)LC_ALL=C $(INTLTOOL_MERGE) $(INTLTOOL_V_MERGE_OPTIONS) -s -u -c $(top_builddir)/po/.intltool-merge-cache $(top_srcdir)/po $< $@'
INTLTOOL_SERVER_RULE='%.server:    %.server.in    $(INTLTOOL_MERGE) $(wildcard $(top_srcdir)/po/*.po) ; $(INTLTOOL_V_MERGE)LC_ALL=C $(INTLTOOL_MERGE) $(INTLTOOL_V_MERGE_OPTIONS) -o -u -c $(top_builddir)/po/.intltool-merge-cache $(top_srcdir)/po $< $@'
INTLTOOL_SERVICE_RULE='%.service: %.service.in   $(INTLTOOL_MERGE) $(wildcard $(top_srcdir)/po/*.po) ; $(INTLTOOL_V_MERGE)LC_ALL=C $(INTLTOOL_MERGE) $(INTLTOOL_V_MERGE_OPTIONS) -d -u -c $(top_builddir)/po/.intltool-merge-cache $(top_srcdir)/po $< $@'
INTLTOOL_SHEET_RULE='%.sheet:     %.sheet.in     $(INTLTOOL_MERGE) $(wildcard $(top_srcdir)/po/*.po) ; $(INTLTOOL_V_MERGE)LC_ALL=C $(INTLTOOL_MERGE) $(INTLTOOL_V_MERGE_OPTIONS) -x -u -c $(top_builddir)/po/.intltool-merge-cache $(top_srcdir)/po $< $@'
INTLTOOL_SOUNDLIST_RULE='%.soundlist: %.soundlist.in $(INTLTOOL_MERGE) $(wildcard $(top_srcdir)/po/*.po) ; $(INTLTOOL_V_MERGE)LC_ALL=C $(INTLTOOL_MERGE) $(INTLTOOL_V_MERGE_OPTIONS) -d -u -c $(top_builddir)/po/.intltool-merge-cache $(top_srcdir)/po $< $@'
INTLTOOL_THEME_RULE='%.theme:     %.theme.in     $(INTLTOOL_MERGE) $(wildcard $(top_srcdir)/po/*.po) ; $(INTLTOOL_V_MERGE)LC_ALL=C $(INTLTOOL_MERGE) $(INTLTOOL_V_MERGE_OPTIONS) -d -u -c $(top_builddir)/po/.intltool-merge-cache $(top_srcdir)/po $< $@'
INTLTOOL_UI_RULE='%.ui:        %.ui.in        $(INTLTOOL_MERGE) $(wildcard $(top_srcdir)/po/*.po) ; $(INTLTOOL_V_MERGE)LC_ALL=C $(INTLTOOL_MERGE) $(INTLTOOL_V_MERGE_OPTIONS) -x -u -c $(top_builddir)/po/.intltool-merge-cache $(top_srcdir)/po $< $@'
INTLTOOL_UPDATE='/usr/bin/intltool-update'
INTLTOOL_V_MERGE='$(INTLTOOL__v_MERGE_$(V))'
INTLTOOL_V_MERGE_OPTIONS='$(intltool__v_merge_options_$(V))'
INTLTOOL_XAM_RULE='%.xam:       %.xml.in       $(INTLTOOL_MERGE) $(wildcard $(top_srcdir)/po/*.po) ; $(INTLTOOL_V_MERGE)LC_ALL=C $(INTLTOOL_MERGE) $(INTLTOOL_V_MERGE_OPTIONS) -x -u -c $(top_builddir)/po/.intltool-merge-cache $(top_srcdir)/po $< $@'
INTLTOOL_XML_NOMERGE_RULE='%.xml:       %.xml.in       $(INTLTOOL_MERGE) ; $(INTLTOOL_V_MERGE)LC_ALL=C $(INTLTOOL_MERGE) $(INTLTOOL_V_MERGE_OPTIONS) -x -u --no-translations $< $@'
INTLTOOL_XML_RULE='%.xml:       %.xml.in       $(INTLTOOL_MERGE) $(wildcard $(top_srcdir)/po/*.po) ; $(INTLTOOL_V_MERGE)LC_ALL=C $(INTLTOOL_MERGE) $(INTLTOOL_V_MERGE_OPTIONS) -x -u -c $(top_builddir)/po/.intltool-merge-cache $(top_srcdir)/po $< $@'
INTLTOOL__v_MERGE_0='@echo "  ITMRG " $@;'
INTLTOOL__v_MERGE_='$(INTLTOOL__v_MERGE_$(AM_DEFAULT_VERBOSITY))'
INTL_MACOSX_LIBS=''
ITSTOOL='itstool'
LD='/usr/bin/ld -m elf_x86_64'
LDFLAGS='-Wl,-z,relro'
LIBOBJS=''
LIBS='-lparted-fs-resize -lparted -ldl -luuid '
LIBTOOL='$(SHELL) $(top_builddir)/libtool'
LIPO=''
LN_S='ln -s'
LTLIBOBJS=''
LT_SYS_LIBRARY_PATH=''
MAINT='#'
MAINTAINER_MODE_FALSE=''
MAINTAINER_MODE_TRUE='#'
MAKEINFO='${SHELL} '\''/home/kali/build/gparted/1.4.0/gparted-1.4.0/missing'\'' makeinfo'
MANIFEST_TOOL=':'
MKDIR_P='/usr/bin/mkdir -p'
MKINSTALLDIRS='.//mkinstalldirs'
MSGFMT='/usr/bin/msgfmt'
MSGFMT_OPTS='-c'
MSGMERGE='/usr/bin/msgmerge'
NM='/usr/bin/nm -B'
NMEDIT=''
OBJDUMP='objdump'
OBJEXT='o'
OTOOL64=''
OTOOL=''
PACKAGE='gparted'
PACKAGE_BUGREPORT='https://gitlab.gnome.org/GNOME/gparted/issues'
PACKAGE_NAME='gparted'
PACKAGE_STRING='gparted 1.4.0'
PACKAGE_TARNAME='gparted'
PACKAGE_URL=''
PACKAGE_VERSION='1.4.0'
PATH_SEPARATOR=':'
PKG_CONFIG='/usr/bin/pkg-config'
PKG_CONFIG_LIBDIR=''
PKG_CONFIG_PATH=''
POFILES=''
POSUB='po'
PO_IN_DATADIR_FALSE=''
PO_IN_DATADIR_TRUE=''
RANLIB='ranlib'
SED='/usr/bin/sed'
SET_MAKE=''
SHELL='/bin/bash'
STRIP='strip'
USE_NLS='yes'
VERSION='1.4.0'
XGETTEXT='/usr/bin/xgettext'
XMLLINT='xmllint'
YELP_HELP_RULES='
YELP_LC_DIST='true'
YELP_LC_MEDIA_LINKS='true'
_HELP_C_EXTRA = $(foreach f,$(HELP_EXTRA),C/$(f))
_HELP_C_FILES = $(foreach f,$(HELP_FILES),C/$(f))
_HELP_C_MEDIA = $(foreach f,$(HELP_MEDIA),C/$(f))
_HELP_DEFAULT_V = $(if $(AM_DEFAULT_VERBOSITY),$(AM_DEFAULT_VERBOSITY),1)
_HELP_LC_FILES = $(foreach lc,$(_HELP_LINGUAS),$(foreach f,$(HELP_FILES),$(lc)/$(f)))
_HELP_LC_STAMPS = $(foreach lc,$(_HELP_LINGUAS),$(lc)/$(lc).stamp)
_HELP_LC_VERBOSE = $(_HELP_LC_VERBOSE_$(_HELP_V))
_HELP_LC_VERBOSE_ = $(_HELP_LC_VERBOSE_$(_HELP_DEFAULT_V))
_HELP_LC_VERBOSE_0 = @echo "  GEN    "$(dir $@);
_HELP_LINGUAS = $(if $(filter environment,$(origin LINGUAS)),$(filter $(LINGUAS),$(HELP_LINGUAS)),$(HELP_LINGUAS))
_HELP_MOFILES = $(patsubst %.po,%.mo,$(_HELP_POFILES))
_HELP_POFILES = $(if $(HELP_ID),$(foreach lc,$(_HELP_LINGUAS),$(lc)/$(lc).po))
_HELP_POTFILE = $(if $(HELP_POT),$(HELP_POT),$(if $(HELP_ID),$(HELP_ID).pot))
_HELP_V = $(if $(V),$(V),$(_HELP_DEFAULT_V))
ac_ct_AR='ar'
ac_ct_CC='gcc'
ac_ct_CXX='g++'
ac_ct_DUMPBIN=''
all: $(_HELP_C_FILES) $(_HELP_C_EXTRA) $(_HELP_C_MEDIA) $(_HELP_LC_FILES) $(_HELP_POFILES)
am__EXEEXT_FALSE=''
am__EXEEXT_TRUE='#'
am__fastdepCC_FALSE=''
am__fastdepCC_TRUE='#'
am__fastdepCXX_FALSE=''
am__fastdepCXX_TRUE='#'
am__include='include'
am__isrc=''
am__leading_dot='.'
am__nodep=''
am__quote=''
am__tar='$${TAR-tar} chof - "$$tardir"'
am__untar='$${TAR-tar} xf -'
bindir='${exec_prefix}/bin'
build='x86_64-pc-linux-gnu'
build_alias='x86_64-linux-gnu'
build_cpu='x86_64'
build_os='linux-gnu'
build_vendor='pc'
check-help:
check: check-help
clean-help:
datadir='${datarootdir}'
datarootdir='${prefix}/share'
distdir-help-files: $(_HELP_LC_FILES)
distdir: distdir-help-files
docdir='${datarootdir}/doc/${PACKAGE_TARNAME}'
dvidir='${docdir}'
exec_prefix='${prefix}'
host='x86_64-pc-linux-gnu'
host_alias=''
host_cpu='x86_64'
host_os='linux-gnu'
host_vendor='pc'
htmldir='${docdir}'
includedir='${prefix}/include'
infodir='${prefix}/share/info'
install-data-am: $(if $(HELP_ID),install-help)
install-help: $(_HELP_LC_FILES)
install_sh='${SHELL} /home/kali/build/gparted/1.4.0/gparted-1.4.0/install-sh'
intltool__v_merge_options_0='-q'
intltool__v_merge_options_='$(intltool__v_merge_options_$(AM_DEFAULT_VERBOSITY))'
libdir='${prefix}/lib/x86_64-linux-gnu'
libexecdir='${exec_prefix}/libexec'
localedir='${datarootdir}/locale'
localstatedir='/var'
mandir='${prefix}/share/man'
mkdir_p='$(MKDIR_P)'
mostlyclean-am: $(if $(HELP_ID),clean-help)
oldincludedir='/usr/include'
pdfdir='${docdir}'
pot: $(_HELP_POTFILE)
prefix='/usr'
program_transform_name='s,x,x,'
psdir='${docdir}'
repo: $(_HELP_POTFILE)
runstatedir='/run'
sbindir='${exec_prefix}/sbin'
sharedstatedir='${prefix}/com'
sysconfdir='/etc'
target_alias=''
uninstall-am: $(if $(HELP_ID),uninstall-help)
uninstall-help:

## ----------- ##
## confdefs.h. ##
## ----------- ##

/* confdefs.h */
#define PACKAGE_NAME "gparted"
#define PACKAGE_TARNAME "gparted"
#define PACKAGE_VERSION "1.4.0"
#define PACKAGE_STRING "gparted 1.4.0"
#define PACKAGE_BUGREPORT "https://gitlab.gnome.org/GNOME/gparted/issues"
#define PACKAGE_URL ""
#define PACKAGE "gparted"
#define VERSION "1.4.0"
#define HAVE_STDIO_H 1
#define HAVE_STDLIB_H 1
#define HAVE_STRING_H 1
#define HAVE_INTTYPES_H 1
#define HAVE_STDINT_H 1
#define HAVE_STRINGS_H 1
#define HAVE_SYS_STAT_H 1
#define HAVE_SYS_TYPES_H 1
#define HAVE_UNISTD_H 1
#define STDC_HEADERS 1
#define HAVE_DLFCN_H 1
#define LT_OBJDIR ".libs/"
#define GETTEXT_PACKAGE "gparted"
#define HAVE_LOCALE_H 1
#define HAVE_LC_MESSAGES 1
#define HAVE_BIND_TEXTDOMAIN_CODESET 1
#define HAVE_GETTEXT 1
#define HAVE_DCGETTEXT 1
#define ENABLE_NLS 1
#define HAVE_LIBUUID 1
#define HAVE_LIBDL 1
#define HAVE_LIBPARTED 1
#define HAVE_LIBPARTED_FS_RESIZE 1
#define HAVE_CXX11 1
#define HAVE_LABEL_SET_XALIGN 1
#define HAVE_SET_PROPAGATE_NATURAL_WIDTH 1
#define HAVE_GTK_SHOW_URI_ON_WINDOW 1
#define ENABLE_HELP_DOC 1
#define ENABLE_ONLINE_RESIZE 1

configure: exit 0
