This file contains any messages produced by compilers while
running configure, to aid debugging if configure makes a mistake.

It was created by gparted configure 1.4.0, which was
generated by GNU Autoconf 2.69.  Invocation command line was

  $ ./configure 

## --------- ##
## Platform. ##
## --------- ##

hostname = kali
uname -m = x86_64
uname -r = 5.17.0-kali3-amd64
uname -s = Linux
uname -v = #1 SMP PREEMPT Debian 5.17.11-1kali1 (2022-05-30)

/usr/bin/uname -p = unknown
/bin/uname -X     = unknown

/bin/arch              = x86_64
/usr/bin/arch -k       = unknown
/usr/convex/getsysinfo = unknown
/usr/bin/hostinfo      = unknown
/bin/machine           = unknown
/usr/bin/oslevel       = unknown
/bin/universe          = unknown

PATH: /usr/local/sbin
PATH: /usr/local/bin
PATH: /usr/sbin
PATH: /usr/bin
PATH: /sbin
PATH: /bin
PATH: /usr/local/games
PATH: /usr/games


## ----------- ##
## Core tests. ##
## ----------- ##

configure:2538: checking for a BSD-compatible install
configure:2606: result: /usr/bin/install -c
configure:2617: checking whether build environment is sane
configure:2672: result: yes
configure:2823: checking for a thread-safe mkdir -p
configure:2862: result: /usr/bin/mkdir -p
configure:2869: checking for gawk
configure:2885: found /usr/bin/gawk
configure:2896: result: gawk
configure:2907: checking whether make sets $(MAKE)
configure:2929: result: yes
configure:2958: checking whether make supports nested variables
configure:2975: result: yes
configure:3102: checking whether to enable maintainer-specific portions of Makefiles
configure:3111: result: no
configure:3184: checking for g++
configure:3200: found /usr/bin/g++
configure:3211: result: g++
configure:3238: checking for C++ compiler version
configure:3247: g++ --version >&5
g++ (Debian 11.3.0-3) 11.3.0
Copyright (C) 2021 Free Software Foundation, Inc.
This is free software; see the source for copying conditions.  There is NO
warranty; not even for MERCHANTABILITY or FITNESS FOR A PARTICULAR PURPOSE.

configure:3258: $? = 0
configure:3247: g++ -v >&5
Using built-in specs.
COLLECT_GCC=g++
COLLECT_LTO_WRAPPER=/usr/lib/gcc/x86_64-linux-gnu/11/lto-wrapper
OFFLOAD_TARGET_NAMES=nvptx-none:amdgcn-amdhsa
OFFLOAD_TARGET_DEFAULT=1
Target: x86_64-linux-gnu
Configured with: ../src/configure -v --with-pkgversion='Debian 11.3.0-3' --with-bugurl=file:///usr/share/doc/gcc-11/README.Bugs --enable-languages=c,ada,c++,go,brig,d,fortran,objc,obj-c++,m2 --prefix=/usr --with-gcc-major-version-only --program-suffix=-11 --program-prefix=x86_64-linux-gnu- --enable-shared --enable-linker-build-id --libexecdir=/usr/lib --without-included-gettext --enable-threads=posix --libdir=/usr/lib --enable-nls --enable-bootstrap --enable-clocale=gnu --enable-libstdcxx-debug --enable-libstdcxx-time=yes --with-default-libstdcxx-abi=new --enable-gnu-unique-object --disable-vtable-verify --enable-plugin --enable-default-pie --with-system-zlib --enable-libphobos-checking=release --with-target-system-zlib=auto --enable-objc-gc=auto --enable-multiarch --disable-werror --enable-cet --with-arch-32=i686 --with-abi=m64 --with-multilib-list=m32,m64,mx32 --enable-multilib --with-tune=generic --enable-offload-targets=nvptx-none=/build/gcc-11-6lTGZp/gcc-11-11.3.0/debian/tmp-nvptx/usr,amdgcn-amdhsa=/build/gcc-11-6lTGZp/gcc-11-11.3.0/debian/tmp-gcn/usr --without-cuda-driver --enable-checking=release --build=x86_64-linux-gnu --host=x86_64-linux-gnu --target=x86_64-linux-gnu --with-build-config=bootstrap-lto-lean --enable-link-serialization=2
Thread model: posix
Supported LTO compression algorithms: zlib zstd
gcc version 11.3.0 (Debian 11.3.0-3) 
... rest of stderr output deleted ...
configure:3258: $? = 0
configure:3247: g++ -V >&5
g++: error: unrecognized command-line option '-V'
g++: fatal error: no input files
compilation terminated.
configure:3258: $? = 1
configure:3247: g++ -qversion >&5
g++: error: unrecognized command-line option '-qversion'; did you mean '--version'?
g++: fatal error: no input files
compilation terminated.
configure:3258: $? = 1
configure:3278: checking whether the C++ compiler works
configure:3300: g++    conftest.cpp  >&5
configure:3304: $? = 0
configure:3352: result: yes
configure:3355: checking for C++ compiler default output file name
configure:3357: result: a.out
configure:3363: checking for suffix of executables
configure:3370: g++ -o conftest    conftest.cpp  >&5
configure:3374: $? = 0
configure:3396: result: 
configure:3418: checking whether we are cross compiling
configure:3426: g++ -o conftest    conftest.cpp  >&5
configure:3430: $? = 0
configure:3437: ./conftest
configure:3441: $? = 0
configure:3456: result: no
configure:3461: checking for suffix of object files
configure:3483: g++ -c   conftest.cpp >&5
configure:3487: $? = 0
configure:3508: result: o
configure:3512: checking whether we are using the GNU C++ compiler
configure:3531: g++ -c   conftest.cpp >&5
configure:3531: $? = 0
configure:3540: result: yes
configure:3549: checking whether g++ accepts -g
configure:3569: g++ -c -g  conftest.cpp >&5
configure:3569: $? = 0
configure:3610: result: yes
configure:3636: checking whether make supports the include directive
configure:3651: make -f confmf.GNU && cat confinc.out
this is the am__doit target
configure:3654: $? = 0
configure:3673: result: yes (GNU style)
configure:3698: checking dependency style of g++
configure:3809: result: gcc3
configure:3872: checking for gcc
configure:3888: found /usr/bin/gcc
configure:3899: result: gcc
configure:4128: checking for C compiler version
configure:4137: gcc --version >&5
gcc (Debian 11.3.0-3) 11.3.0
Copyright (C) 2021 Free Software Foundation, Inc.
This is free software; see the source for copying conditions.  There is NO
warranty; not even for MERCHANTABILITY or FITNESS FOR A PARTICULAR PURPOSE.

configure:4148: $? = 0
configure:4137: gcc -v >&5
Using built-in specs.
COLLECT_GCC=gcc
COLLECT_LTO_WRAPPER=/usr/lib/gcc/x86_64-linux-gnu/11/lto-wrapper
OFFLOAD_TARGET_NAMES=nvptx-none:amdgcn-amdhsa
OFFLOAD_TARGET_DEFAULT=1
Target: x86_64-linux-gnu
Configured with: ../src/configure -v --with-pkgversion='Debian 11.3.0-3' --with-bugurl=file:///usr/share/doc/gcc-11/README.Bugs --enable-languages=c,ada,c++,go,brig,d,fortran,objc,obj-c++,m2 --prefix=/usr --with-gcc-major-version-only --program-suffix=-11 --program-prefix=x86_64-linux-gnu- --enable-shared --enable-linker-build-id --libexecdir=/usr/lib --without-included-gettext --enable-threads=posix --libdir=/usr/lib --enable-nls --enable-bootstrap --enable-clocale=gnu --enable-libstdcxx-debug --enable-libstdcxx-time=yes --with-default-libstdcxx-abi=new --enable-gnu-unique-object --disable-vtable-verify --enable-plugin --enable-default-pie --with-system-zlib --enable-libphobos-checking=release --with-target-system-zlib=auto --enable-objc-gc=auto --enable-multiarch --disable-werror --enable-cet --with-arch-32=i686 --with-abi=m64 --with-multilib-list=m32,m64,mx32 --enable-multilib --with-tune=generic --enable-offload-targets=nvptx-none=/build/gcc-11-6lTGZp/gcc-11-11.3.0/debian/tmp-nvptx/usr,amdgcn-amdhsa=/build/gcc-11-6lTGZp/gcc-11-11.3.0/debian/tmp-gcn/usr --without-cuda-driver --enable-checking=release --build=x86_64-linux-gnu --host=x86_64-linux-gnu --target=x86_64-linux-gnu --with-build-config=bootstrap-lto-lean --enable-link-serialization=2
Thread model: posix
Supported LTO compression algorithms: zlib zstd
gcc version 11.3.0 (Debian 11.3.0-3) 
... rest of stderr output deleted ...
configure:4148: $? = 0
configure:4137: gcc -V >&5
gcc: error: unrecognized command-line option '-V'
gcc: fatal error: no input files
compilation terminated.
configure:4148: $? = 1
configure:4137: gcc -qversion >&5
gcc: error: unrecognized command-line option '-qversion'; did you mean '--version'?
gcc: fatal error: no input files
compilation terminated.
configure:4148: $? = 1
configure:4152: checking whether we are using the GNU C compiler
configure:4171: gcc -c   conftest.c >&5
configure:4171: $? = 0
configure:4180: result: yes
configure:4189: checking whether gcc accepts -g
configure:4209: gcc -c -g  conftest.c >&5
configure:4209: $? = 0
configure:4250: result: yes
configure:4267: checking for gcc option to accept ISO C89
configure:4330: gcc  -c -g -O2  conftest.c >&5
configure:4330: $? = 0
configure:4343: result: none needed
configure:4368: checking whether gcc understands -c and -o together
configure:4390: gcc -c conftest.c -o conftest2.o
configure:4393: $? = 0
configure:4390: gcc -c conftest.c -o conftest2.o
configure:4393: $? = 0
configure:4405: result: yes
configure:4424: checking dependency style of gcc
configure:4535: result: gcc3
configure:4579: checking build system type
configure:4593: result: x86_64-pc-linux-gnu
configure:4613: checking host system type
configure:4626: result: x86_64-pc-linux-gnu
configure:4667: checking how to print strings
configure:4694: result: printf
configure:4715: checking for a sed that does not truncate output
configure:4779: result: /usr/bin/sed
configure:4797: checking for grep that handles long lines and -e
configure:4855: result: /usr/bin/grep
configure:4860: checking for egrep
configure:4922: result: /usr/bin/grep -E
configure:4927: checking for fgrep
configure:4989: result: /usr/bin/grep -F
configure:5024: checking for ld used by gcc
configure:5091: result: /usr/bin/ld
configure:5098: checking if the linker (/usr/bin/ld) is GNU ld
configure:5113: result: yes
configure:5125: checking for BSD- or MS-compatible name lister (nm)
configure:5179: result: /usr/bin/nm -B
configure:5309: checking the name lister (/usr/bin/nm -B) interface
configure:5316: gcc -c -g -O2  conftest.c >&5
configure:5319: /usr/bin/nm -B "conftest.o"
configure:5322: output
0000000000000000 B some_variable
configure:5329: result: BSD nm
configure:5332: checking whether ln -s works
configure:5336: result: yes
configure:5344: checking the maximum length of command line arguments
configure:5475: result: 1572864
configure:5523: checking how to convert x86_64-pc-linux-gnu file names to x86_64-pc-linux-gnu format
configure:5563: result: func_convert_file_noop
configure:5570: checking how to convert x86_64-pc-linux-gnu file names to toolchain format
configure:5590: result: func_convert_file_noop
configure:5597: checking for /usr/bin/ld option to reload object files
configure:5604: result: -r
configure:5678: checking for objdump
configure:5694: found /usr/bin/objdump
configure:5705: result: objdump
configure:5737: checking how to recognize dependent libraries
configure:5937: result: pass_all
configure:6022: checking for dlltool
configure:6052: result: no
configure:6082: checking how to associate runtime and link libraries
configure:6109: result: printf %s\n
configure:6170: checking for ar
configure:6186: found /usr/bin/ar
configure:6197: result: ar
configure:6234: checking for archiver @FILE support
configure:6251: gcc -c -g -O2  conftest.c >&5
configure:6251: $? = 0
configure:6254: ar cr libconftest.a @conftest.lst >&5
configure:6257: $? = 0
configure:6262: ar cr libconftest.a @conftest.lst >&5
ar: conftest.o: No such file or directory
configure:6265: $? = 1
configure:6277: result: @
configure:6335: checking for strip
configure:6351: found /usr/bin/strip
configure:6362: result: strip
configure:6434: checking for ranlib
configure:6450: found /usr/bin/ranlib
configure:6461: result: ranlib
configure:6563: checking command to parse /usr/bin/nm -B output from gcc object
configure:6716: gcc -c -g -O2  conftest.c >&5
configure:6719: $? = 0
configure:6723: /usr/bin/nm -B conftest.o | sed -n -e 's/^.*[	 ]\([ABCDGIRSTW][ABCDGIRSTW]*\)[	 ][	 ]*\([_A-Za-z][_A-Za-z0-9]*\)$/\1 \2 \2/p' | sed '/ __gnu_lto/d' > conftest.nm
configure:6789: gcc -o conftest -g -O2   conftest.c conftstm.o >&5
configure:6792: $? = 0
configure:6830: result: ok
configure:6877: checking for sysroot
configure:6907: result: no
configure:6914: checking for a working dd
configure:6952: result: /usr/bin/dd
configure:6956: checking how to truncate binary pipes
configure:6971: result: /usr/bin/dd bs=4096 count=1
configure:7107: gcc -c -g -O2  conftest.c >&5
configure:7110: $? = 0
configure:7300: checking for mt
configure:7316: found /usr/bin/mt
configure:7327: result: mt
configure:7350: checking if mt is a manifest tool
configure:7356: mt '-?'
configure:7364: result: no
configure:8041: checking how to run the C preprocessor
configure:8072: gcc -E  conftest.c
configure:8072: $? = 0
configure:8086: gcc -E  conftest.c
conftest.c:11:10: fatal error: ac_nonexistent.h: No such file or directory
   11 | #include <ac_nonexistent.h>
      |          ^~~~~~~~~~~~~~~~~~
compilation terminated.
configure:8086: $? = 1
configure: failed program was:
| /* confdefs.h */
| #define PACKAGE_NAME "gparted"
| #define PACKAGE_TARNAME "gparted"
| #define PACKAGE_VERSION "1.4.0"
| #define PACKAGE_STRING "gparted 1.4.0"
| #define PACKAGE_BUGREPORT "https://gitlab.gnome.org/GNOME/gparted/issues"
| #define PACKAGE_URL ""
| #define PACKAGE "gparted"
| #define VERSION "1.4.0"
| /* end confdefs.h.  */
| #include <ac_nonexistent.h>
configure:8111: result: gcc -E
configure:8131: gcc -E  conftest.c
configure:8131: $? = 0
configure:8145: gcc -E  conftest.c
conftest.c:11:10: fatal error: ac_nonexistent.h: No such file or directory
   11 | #include <ac_nonexistent.h>
      |          ^~~~~~~~~~~~~~~~~~
compilation terminated.
configure:8145: $? = 1
configure: failed program was:
| /* confdefs.h */
| #define PACKAGE_NAME "gparted"
| #define PACKAGE_TARNAME "gparted"
| #define PACKAGE_VERSION "1.4.0"
| #define PACKAGE_STRING "gparted 1.4.0"
| #define PACKAGE_BUGREPORT "https://gitlab.gnome.org/GNOME/gparted/issues"
| #define PACKAGE_URL ""
| #define PACKAGE "gparted"
| #define VERSION "1.4.0"
| /* end confdefs.h.  */
| #include <ac_nonexistent.h>
configure:8174: checking for ANSI C header files
configure:8194: gcc -c -g -O2  conftest.c >&5
configure:8194: $? = 0
configure:8267: gcc -o conftest -g -O2   conftest.c  >&5
configure:8267: $? = 0
configure:8267: ./conftest
configure:8267: $? = 0
configure:8278: result: yes
configure:8291: checking for sys/types.h
configure:8291: gcc -c -g -O2  conftest.c >&5
configure:8291: $? = 0
configure:8291: result: yes
configure:8291: checking for sys/stat.h
configure:8291: gcc -c -g -O2  conftest.c >&5
configure:8291: $? = 0
configure:8291: result: yes
configure:8291: checking for stdlib.h
configure:8291: gcc -c -g -O2  conftest.c >&5
configure:8291: $? = 0
configure:8291: result: yes
configure:8291: checking for string.h
configure:8291: gcc -c -g -O2  conftest.c >&5
configure:8291: $? = 0
configure:8291: result: yes
configure:8291: checking for memory.h
configure:8291: gcc -c -g -O2  conftest.c >&5
configure:8291: $? = 0
configure:8291: result: yes
configure:8291: checking for strings.h
configure:8291: gcc -c -g -O2  conftest.c >&5
configure:8291: $? = 0
configure:8291: result: yes
configure:8291: checking for inttypes.h
configure:8291: gcc -c -g -O2  conftest.c >&5
configure:8291: $? = 0
configure:8291: result: yes
configure:8291: checking for stdint.h
configure:8291: gcc -c -g -O2  conftest.c >&5
configure:8291: $? = 0
configure:8291: result: yes
configure:8291: checking for unistd.h
configure:8291: gcc -c -g -O2  conftest.c >&5
configure:8291: $? = 0
configure:8291: result: yes
configure:8305: checking for dlfcn.h
configure:8305: gcc -c -g -O2  conftest.c >&5
configure:8305: $? = 0
configure:8305: result: yes
configure:8572: checking for objdir
configure:8587: result: .libs
configure:8851: checking if gcc supports -fno-rtti -fno-exceptions
configure:8869: gcc -c -g -O2  -fno-rtti -fno-exceptions conftest.c >&5
cc1: warning: command-line option '-fno-rtti' is valid for C++/D/ObjC++ but not for C
configure:8873: $? = 0
configure:8886: result: no
configure:9250: checking for gcc option to produce PIC
configure:9257: result: -fPIC -DPIC
configure:9265: checking if gcc PIC flag -fPIC -DPIC works
configure:9283: gcc -c -g -O2  -fPIC -DPIC -DPIC conftest.c >&5
configure:9287: $? = 0
configure:9300: result: yes
configure:9329: checking if gcc static flag -static works
configure:9357: result: yes
configure:9372: checking if gcc supports -c -o file.o
configure:9393: gcc -c -g -O2  -o out/conftest2.o conftest.c >&5
configure:9397: $? = 0
configure:9419: result: yes
configure:9427: checking if gcc supports -c -o file.o
configure:9474: result: yes
configure:9507: checking whether the gcc linker (/usr/bin/ld -m elf_x86_64) supports shared libraries
configure:10770: result: yes
configure:10807: checking whether -lc should be explicitly linked in
configure:10815: gcc -c -g -O2  conftest.c >&5
configure:10818: $? = 0
configure:10833: gcc -shared  -fPIC -DPIC conftest.o  -v -Wl,-soname -Wl,conftest -o conftest 2\>\&1 \| /usr/bin/grep  -lc  \>/dev/null 2\>\&1
configure:10836: $? = 0
configure:10850: result: no
configure:11010: checking dynamic linker characteristics
configure:11591: gcc -o conftest -g -O2   -Wl,-rpath -Wl,/foo conftest.c  >&5
configure:11591: $? = 0
configure:11840: result: GNU/Linux ld.so
configure:11962: checking how to hardcode library paths into programs
configure:11987: result: immediate
configure:12535: checking whether stripping libraries is possible
configure:12540: result: yes
configure:12575: checking if libtool supports shared libraries
configure:12577: result: yes
configure:12580: checking whether to build shared libraries
configure:12605: result: yes
configure:12608: checking whether to build static libraries
configure:12612: result: yes
configure:12635: checking how to run the C++ preprocessor
configure:12662: g++ -E  conftest.cpp
configure:12662: $? = 0
configure:12676: g++ -E  conftest.cpp
conftest.cpp:23:10: fatal error: ac_nonexistent.h: No such file or directory
   23 | #include <ac_nonexistent.h>
      |          ^~~~~~~~~~~~~~~~~~
compilation terminated.
configure:12676: $? = 1
configure: failed program was:
| /* confdefs.h */
| #define PACKAGE_NAME "gparted"
| #define PACKAGE_TARNAME "gparted"
| #define PACKAGE_VERSION "1.4.0"
| #define PACKAGE_STRING "gparted 1.4.0"
| #define PACKAGE_BUGREPORT "https://gitlab.gnome.org/GNOME/gparted/issues"
| #define PACKAGE_URL ""
| #define PACKAGE "gparted"
| #define VERSION "1.4.0"
| #define STDC_HEADERS 1
| #define HAVE_SYS_TYPES_H 1
| #define HAVE_SYS_STAT_H 1
| #define HAVE_STDLIB_H 1
| #define HAVE_STRING_H 1
| #define HAVE_MEMORY_H 1
| #define HAVE_STRINGS_H 1
| #define HAVE_INTTYPES_H 1
| #define HAVE_STDINT_H 1
| #define HAVE_UNISTD_H 1
| #define HAVE_DLFCN_H 1
| #define LT_OBJDIR ".libs/"
| /* end confdefs.h.  */
| #include <ac_nonexistent.h>
configure:12701: result: g++ -E
configure:12721: g++ -E  conftest.cpp
configure:12721: $? = 0
configure:12735: g++ -E  conftest.cpp
conftest.cpp:23:10: fatal error: ac_nonexistent.h: No such file or directory
   23 | #include <ac_nonexistent.h>
      |          ^~~~~~~~~~~~~~~~~~
compilation terminated.
configure:12735: $? = 1
configure: failed program was:
| /* confdefs.h */
| #define PACKAGE_NAME "gparted"
| #define PACKAGE_TARNAME "gparted"
| #define PACKAGE_VERSION "1.4.0"
| #define PACKAGE_STRING "gparted 1.4.0"
| #define PACKAGE_BUGREPORT "https://gitlab.gnome.org/GNOME/gparted/issues"
| #define PACKAGE_URL ""
| #define PACKAGE "gparted"
| #define VERSION "1.4.0"
| #define STDC_HEADERS 1
| #define HAVE_SYS_TYPES_H 1
| #define HAVE_SYS_STAT_H 1
| #define HAVE_STDLIB_H 1
| #define HAVE_STRING_H 1
| #define HAVE_MEMORY_H 1
| #define HAVE_STRINGS_H 1
| #define HAVE_INTTYPES_H 1
| #define HAVE_STDINT_H 1
| #define HAVE_UNISTD_H 1
| #define HAVE_DLFCN_H 1
| #define LT_OBJDIR ".libs/"
| /* end confdefs.h.  */
| #include <ac_nonexistent.h>
configure:12897: checking for ld used by g++
configure:12964: result: /usr/bin/ld -m elf_x86_64
configure:12971: checking if the linker (/usr/bin/ld -m elf_x86_64) is GNU ld
configure:12986: result: yes
configure:13041: checking whether the g++ linker (/usr/bin/ld -m elf_x86_64) supports shared libraries
configure:14114: result: yes
configure:14150: g++ -c -g -O2  conftest.cpp >&5
configure:14153: $? = 0
configure:14634: checking for g++ option to produce PIC
configure:14641: result: -fPIC -DPIC
configure:14649: checking if g++ PIC flag -fPIC -DPIC works
configure:14667: g++ -c -g -O2  -fPIC -DPIC -DPIC conftest.cpp >&5
configure:14671: $? = 0
configure:14684: result: yes
configure:14707: checking if g++ static flag -static works
configure:14735: result: yes
configure:14747: checking if g++ supports -c -o file.o
configure:14768: g++ -c -g -O2  -o out/conftest2.o conftest.cpp >&5
configure:14772: $? = 0
configure:14794: result: yes
configure:14799: checking if g++ supports -c -o file.o
configure:14846: result: yes
configure:14876: checking whether the g++ linker (/usr/bin/ld -m elf_x86_64) supports shared libraries
configure:14919: result: yes
configure:15060: checking dynamic linker characteristics
configure:15817: result: GNU/Linux ld.so
configure:15882: checking how to hardcode library paths into programs
configure:15907: result: immediate
configure:15972: checking for gawk
configure:15999: result: gawk
configure:16064: checking for pkg-config
configure:16082: found /usr/bin/pkg-config
configure:16094: result: /usr/bin/pkg-config
configure:16119: checking pkg-config is at least version 0.9.0
configure:16122: result: yes
configure:16131: $PKG_CONFIG --exists --print-errors ""
Must specify package names on the command line
configure:16134: $? = 1
configure:16149: checking for pkexec >= 0.102
configure:16158: result: 0.105 found
configure:16231: checking locale.h usability
configure:16231: gcc -c -g -O2  conftest.c >&5
configure:16231: $? = 0
configure:16231: result: yes
configure:16231: checking locale.h presence
configure:16231: gcc -E  conftest.c
configure:16231: $? = 0
configure:16231: result: yes
configure:16231: checking for locale.h
configure:16231: result: yes
configure:16242: checking for LC_MESSAGES
configure:16258: gcc -o conftest -g -O2   conftest.c  >&5
configure:16258: $? = 0
configure:16266: result: yes
configure:16284: checking for CFPreferencesCopyAppValue
configure:16302: gcc -o conftest -g -O2   conftest.c  -Wl,-framework -Wl,CoreFoundation >&5
conftest.c:26:10: fatal error: CoreFoundation/CFPreferences.h: No such file or directory
   26 | #include <CoreFoundation/CFPreferences.h>
      |          ^~~~~~~~~~~~~~~~~~~~~~~~~~~~~~~~
compilation terminated.
configure:16302: $? = 1
configure: failed program was:
| /* confdefs.h */
| #define PACKAGE_NAME "gparted"
| #define PACKAGE_TARNAME "gparted"
| #define PACKAGE_VERSION "1.4.0"
| #define PACKAGE_STRING "gparted 1.4.0"
| #define PACKAGE_BUGREPORT "https://gitlab.gnome.org/GNOME/gparted/issues"
| #define PACKAGE_URL ""
| #define PACKAGE "gparted"
| #define VERSION "1.4.0"
| #define STDC_HEADERS 1
| #define HAVE_SYS_TYPES_H 1
| #define HAVE_SYS_STAT_H 1
| #define HAVE_STDLIB_H 1
| #define HAVE_STRING_H 1
| #define HAVE_MEMORY_H 1
| #define HAVE_STRINGS_H 1
| #define HAVE_INTTYPES_H 1
| #define HAVE_STDINT_H 1
| #define HAVE_UNISTD_H 1
| #define HAVE_DLFCN_H 1
| #define LT_OBJDIR ".libs/"
| #define GETTEXT_PACKAGE "gparted"
| #define HAVE_LOCALE_H 1
| #define HAVE_LC_MESSAGES 1
| /* end confdefs.h.  */
| #include <CoreFoundation/CFPreferences.h>
| int
| main ()
| {
| CFPreferencesCopyAppValue(NULL, NULL)
|   ;
|   return 0;
| }
configure:16311: result: no
configure:16318: checking for CFLocaleCopyCurrent
configure:16336: gcc -o conftest -g -O2   conftest.c  -Wl,-framework -Wl,CoreFoundation >&5
conftest.c:26:10: fatal error: CoreFoundation/CFLocale.h: No such file or directory
   26 | #include <CoreFoundation/CFLocale.h>
      |          ^~~~~~~~~~~~~~~~~~~~~~~~~~~
compilation terminated.
configure:16336: $? = 1
configure: failed program was:
| /* confdefs.h */
| #define PACKAGE_NAME "gparted"
| #define PACKAGE_TARNAME "gparted"
| #define PACKAGE_VERSION "1.4.0"
| #define PACKAGE_STRING "gparted 1.4.0"
| #define PACKAGE_BUGREPORT "https://gitlab.gnome.org/GNOME/gparted/issues"
| #define PACKAGE_URL ""
| #define PACKAGE "gparted"
| #define VERSION "1.4.0"
| #define STDC_HEADERS 1
| #define HAVE_SYS_TYPES_H 1
| #define HAVE_SYS_STAT_H 1
| #define HAVE_STDLIB_H 1
| #define HAVE_STRING_H 1
| #define HAVE_MEMORY_H 1
| #define HAVE_STRINGS_H 1
| #define HAVE_INTTYPES_H 1
| #define HAVE_STDINT_H 1
| #define HAVE_UNISTD_H 1
| #define HAVE_DLFCN_H 1
| #define LT_OBJDIR ".libs/"
| #define GETTEXT_PACKAGE "gparted"
| #define HAVE_LOCALE_H 1
| #define HAVE_LC_MESSAGES 1
| /* end confdefs.h.  */
| #include <CoreFoundation/CFLocale.h>
| int
| main ()
| {
| CFLocaleCopyCurrent();
|   ;
|   return 0;
| }
configure:16345: result: no
configure:16359: checking libintl.h usability
configure:16359: gcc -c -g -O2  conftest.c >&5
configure:16359: $? = 0
configure:16359: result: yes
configure:16359: checking libintl.h presence
configure:16359: gcc -E  conftest.c
configure:16359: $? = 0
configure:16359: result: yes
configure:16359: checking for libintl.h
configure:16359: result: yes
configure:16367: checking for ngettext in libc
configure:16385: gcc -o conftest -g -O2   conftest.c  >&5
configure:16385: $? = 0
configure:16394: result: yes
configure:16398: checking for dgettext in libc
configure:16416: gcc -o conftest -g -O2   conftest.c  >&5
configure:16416: $? = 0
configure:16425: result: yes
configure:16432: checking for bind_textdomain_codeset
configure:16432: gcc -o conftest -g -O2   conftest.c  >&5
configure:16432: $? = 0
configure:16432: result: yes
configure:16708: checking for msgfmt
configure:16735: result: /usr/bin/msgfmt
configure:16746: checking for dcgettext
configure:16746: gcc -o conftest -g -O2   conftest.c   >&5
conftest.c:51:6: warning: conflicting types for built-in function 'dcgettext'; expected 'char *(const char *, const char *, int)' [-Wbuiltin-declaration-mismatch]
   51 | char dcgettext ();
      |      ^~~~~~~~~
configure:16746: $? = 0
configure:16746: result: yes
configure:16756: checking if msgfmt accepts -c
configure:16771: $MSGFMT -c -o /dev/null conftest.foo
conftest.foo:3: warning: header field 'Language' missing in header
configure:16774: $? = 0
configure:16776: result: yes
configure:16786: checking for gmsgfmt
configure:16817: result: /usr/bin/msgfmt
configure:16827: checking for xgettext
configure:16854: result: /usr/bin/xgettext
configure:16873: gcc -o conftest -g -O2   conftest.c   >&5
configure:16873: $? = 0
configure:17013: checking whether NLS is requested
configure:17022: result: yes
configure:17040: checking for intltool >= 0.36.0
configure:17042: result: 0.51.0 found
configure:17050: checking for intltool-update
configure:17068: found /usr/bin/intltool-update
configure:17080: result: /usr/bin/intltool-update
configure:17090: checking for intltool-merge
configure:17108: found /usr/bin/intltool-merge
configure:17120: result: /usr/bin/intltool-merge
configure:17130: checking for intltool-extract
configure:17148: found /usr/bin/intltool-extract
configure:17160: result: /usr/bin/intltool-extract
configure:17314: checking for xgettext
configure:17344: result: /usr/bin/xgettext
configure:17354: checking for msgmerge
configure:17372: found /usr/bin/msgmerge
configure:17384: result: /usr/bin/msgmerge
configure:17394: checking for msgfmt
configure:17424: result: /usr/bin/msgfmt
configure:17434: checking for gmsgfmt
configure:17465: result: /usr/bin/msgfmt
configure:17485: checking for perl
configure:17503: found /usr/bin/perl
configure:17515: result: /usr/bin/perl
configure:17526: checking for perl >= 5.8.1
configure:17533: result: 5.34.0
configure:17537: checking for XML::Parser
configure:17540: result: ok
configure:17555: checking for uuid_generate in -luuid
configure:17580: gcc -o conftest -g -O2   conftest.c -luuid   >&5
configure:17580: $? = 0
configure:17589: result: yes
configure:17602: checking for dlopen in -ldl
configure:17627: gcc -o conftest -g -O2   conftest.c -ldl  -luuid  >&5
configure:17627: $? = 0
configure:17636: result: yes
configure:17649: checking for ped_device_read in -lparted
configure:17674: gcc -o conftest -g -O2   conftest.c -lparted  -ldl -luuid  >&5
configure:17674: $? = 0
configure:17683: result: yes
configure:17699: checking for libparted >= 2.2 (querying pkg-config)
configure:17704: $PKG_CONFIG --exists --print-errors "libparted"
configure:17707: $? = 0
configure:17712: result: 3.5
configure:17770: checking for 2.0 <= libparted <= 3.0 (loop table creation doesn't delete old partitions)
configure:17786: result: (cached) no
configure:17792: checking for ped_file_system_resize in -lparted
configure:17817: gcc -o conftest -g -O2   conftest.c -lparted  -lparted -ldl -luuid  >&5
/usr/bin/ld: /tmp/ccTwZk6s.o: in function `main':
/home/kali/Pobrane/gparted-1.4.0/conftest.c:44: undefined reference to `ped_file_system_resize'
collect2: error: ld returned 1 exit status
configure:17817: $? = 1
configure: failed program was:
| /* confdefs.h */
| #define PACKAGE_NAME "gparted"
| #define PACKAGE_TARNAME "gparted"
| #define PACKAGE_VERSION "1.4.0"
| #define PACKAGE_STRING "gparted 1.4.0"
| #define PACKAGE_BUGREPORT "https://gitlab.gnome.org/GNOME/gparted/issues"
| #define PACKAGE_URL ""
| #define PACKAGE "gparted"
| #define VERSION "1.4.0"
| #define STDC_HEADERS 1
| #define HAVE_SYS_TYPES_H 1
| #define HAVE_SYS_STAT_H 1
| #define HAVE_STDLIB_H 1
| #define HAVE_STRING_H 1
| #define HAVE_MEMORY_H 1
| #define HAVE_STRINGS_H 1
| #define HAVE_INTTYPES_H 1
| #define HAVE_STDINT_H 1
| #define HAVE_UNISTD_H 1
| #define HAVE_DLFCN_H 1
| #define LT_OBJDIR ".libs/"
| #define GETTEXT_PACKAGE "gparted"
| #define HAVE_LOCALE_H 1
| #define HAVE_LC_MESSAGES 1
| #define HAVE_BIND_TEXTDOMAIN_CODESET 1
| #define HAVE_GETTEXT 1
| #define HAVE_DCGETTEXT 1
| #define ENABLE_NLS 1
| #define HAVE_LIBUUID 1
| #define HAVE_LIBDL 1
| #define HAVE_LIBPARTED 1
| /* end confdefs.h.  */
| 
| /* Override any GCC internal prototype to avoid an error.
|    Use char because int might match the return type of a GCC
|    builtin and then its argument prototype would still apply.  */
| #ifdef __cplusplus
| extern "C"
| #endif
| char ped_file_system_resize ();
| int
| main ()
| {
| return ped_file_system_resize ();
|   ;
|   return 0;
| }
configure:17826: result: no
configure:17837: checking for ped_file_system_resize in -lparted-fs-resize
configure:17862: gcc -o conftest -g -O2   conftest.c -lparted-fs-resize  -lparted -ldl -luuid  >&5
configure:17862: $? = 0
configure:17871: result: yes
configure:17885: checking for libparted >= 3.2 (online resize)
configure:17891: result: (cached) yes
configure:17909: checking for GTHREAD
configure:17916: $PKG_CONFIG --exists --print-errors "gthread-2.0"
configure:17919: $? = 0
configure:17933: $PKG_CONFIG --exists --print-errors "gthread-2.0"
configure:17936: $? = 0
configure:17994: result: yes
configure:18003: checking for GTKMM
configure:18010: $PKG_CONFIG --exists --print-errors "gtkmm-3.0 >= 3.4.0"
configure:18013: $? = 0
configure:18027: $PKG_CONFIG --exists --print-errors "gtkmm-3.0 >= 3.4.0"
configure:18030: $? = 0
configure:18088: result: yes
configure:18098: checking for GLIBMM
configure:18105: $PKG_CONFIG --exists --print-errors "glibmm-2.4 >= 2.32.0"
configure:18108: $? = 0
configure:18122: $PKG_CONFIG --exists --print-errors "glibmm-2.4 >= 2.32.0"
configure:18125: $? = 0
configure:18183: result: yes
configure:18190: checking for glibmm >= 2.45.40 which requires C++11 compilation
configure:18193: $PKG_CONFIG --exists --print-errors "glibmm-2.4 >= 2.45.40"
configure:18196: $? = 0
configure:18199: result: yes
configure:18207: checking for libsigc++ >= 2.5.1 which requires C++11 compilation
configure:18210: $PKG_CONFIG --exists --print-errors "sigc++-2.0 >= 2.5.1"
configure:18213: $? = 0
configure:18216: result: yes
configure:18224: checking for gtkmm >= 3.18.0 which requires C++11 compilation
configure:18227: $PKG_CONFIG --exists --print-errors "gtkmm-3.0 >= 3.18.0"
configure:18230: $? = 0
configure:18233: result: yes
configure:18254: checking whether g++ supports C++11 features with -std=gnu++11
configure:18550: g++ -std=gnu++11 -c -g -O2  conftest.cpp >&5
configure:18550: $? = 0
configure:18559: result: yes
configure:18923: checking for Gtk::Label::set_xalign() method
configure:18926: $PKG_CONFIG --exists --print-errors "gtkmm-3.0 >= 3.16.0"
configure:18929: $? = 0
configure:18934: result: yes
configure:18944: checking for Gtk::ScrolledWindow::set_propagate_natural_width() method
configure:18947: $PKG_CONFIG --exists --print-errors "gtkmm-3.0 >= 3.22.0"
configure:18950: $? = 0
configure:18955: result: yes
configure:18965: checking for gtk_show_uri_on_window() function
configure:18968: $PKG_CONFIG --exists --print-errors "gtk+-3.0 >= 3.22.0"
configure:18971: $? = 0
configure:18976: result: yes
configure:19005: checking whether help documentation should be built
configure:19011: result: yes
configure:19054: checking for itstool
configure:19070: found /usr/bin/itstool
configure:19081: result: itstool
configure:19096: checking for xmllint
configure:19112: found /usr/bin/xmllint
configure:19123: result: xmllint
configure:19334: checking whether to use native libparted /dev/mapper dmraid support
configure:19343: result: no
configure:19357: checking whether online resize support is enabled
configure:19363: result: yes
configure:19380: checking whether to explicitly grant root access to the display
configure:19386: result: no
configure:19497: checking that generated files are newer than configure
configure:19503: result: done
configure:19550: creating ./config.status

## ---------------------- ##
## Running config.status. ##
## ---------------------- ##

This file was extended by gparted config.status 1.4.0, which was
generated by GNU Autoconf 2.69.  Invocation command line was

  CONFIG_FILES    = 
  CONFIG_HEADERS  = 
  CONFIG_LINKS    = 
  CONFIG_COMMANDS = 
  $ ./config.status 

on kali

config.status:1468: creating Makefile
config.status:1468: creating data/Makefile
config.status:1468: creating data/icons/Makefile
config.status:1468: creating doc/Makefile
config.status:1468: creating help/Makefile
config.status:1468: creating include/Makefile
config.status:1468: creating lib/Makefile
config.status:1468: creating lib/gtest/Makefile
config.status:1468: creating src/Makefile
config.status:1468: creating po/Makefile.in
config.status:1468: creating tests/Makefile
config.status:1468: creating config.h
config.status:1697: executing depfiles commands
config.status:1774: cd lib/gtest       && sed -e '/# am--include-marker/d' Makefile         | make -f - am--depfiles
config.status:1779: $? = 0
config.status:1774: cd src       && sed -e '/# am--include-marker/d' Makefile         | make -f - am--depfiles
config.status:1779: $? = 0
config.status:1774: cd tests       && sed -e '/# am--include-marker/d' Makefile         | make -f - am--depfiles
config.status:1779: $? = 0
config.status:1697: executing libtool commands
config.status:1697: executing default-1 commands
config.status:1697: executing po/stamp-it commands

## ---------------- ##
## Cache variables. ##
## ---------------- ##

ac_cv_build=x86_64-pc-linux-gnu
ac_cv_c_compiler_gnu=yes
ac_cv_cxx_compiler_gnu=yes
ac_cv_env_CCC_set=
ac_cv_env_CCC_value=
ac_cv_env_CC_set=
ac_cv_env_CC_value=
ac_cv_env_CFLAGS_set=
ac_cv_env_CFLAGS_value=
ac_cv_env_CPPFLAGS_set=
ac_cv_env_CPPFLAGS_value=
ac_cv_env_CPP_set=
ac_cv_env_CPP_value=
ac_cv_env_CXXCPP_set=
ac_cv_env_CXXCPP_value=
ac_cv_env_CXXFLAGS_set=
ac_cv_env_CXXFLAGS_value=
ac_cv_env_CXX_set=
ac_cv_env_CXX_value=
ac_cv_env_GLIBMM_CFLAGS_set=
ac_cv_env_GLIBMM_CFLAGS_value=
ac_cv_env_GLIBMM_LIBS_set=
ac_cv_env_GLIBMM_LIBS_value=
ac_cv_env_GTHREAD_CFLAGS_set=
ac_cv_env_GTHREAD_CFLAGS_value=
ac_cv_env_GTHREAD_LIBS_set=
ac_cv_env_GTHREAD_LIBS_value=
ac_cv_env_GTKMM_CFLAGS_set=
ac_cv_env_GTKMM_CFLAGS_value=
ac_cv_env_GTKMM_LIBS_set=
ac_cv_env_GTKMM_LIBS_value=
ac_cv_env_ITSTOOL_set=
ac_cv_env_ITSTOOL_value=
ac_cv_env_LDFLAGS_set=
ac_cv_env_LDFLAGS_value=
ac_cv_env_LIBS_set=
ac_cv_env_LIBS_value=
ac_cv_env_LT_SYS_LIBRARY_PATH_set=
ac_cv_env_LT_SYS_LIBRARY_PATH_value=
ac_cv_env_PKG_CONFIG_LIBDIR_set=
ac_cv_env_PKG_CONFIG_LIBDIR_value=
ac_cv_env_PKG_CONFIG_PATH_set=
ac_cv_env_PKG_CONFIG_PATH_value=
ac_cv_env_PKG_CONFIG_set=
ac_cv_env_PKG_CONFIG_value=
ac_cv_env_XMLLINT_set=
ac_cv_env_XMLLINT_value=
ac_cv_env_build_alias_set=
ac_cv_env_build_alias_value=
ac_cv_env_host_alias_set=
ac_cv_env_host_alias_value=
ac_cv_env_target_alias_set=
ac_cv_env_target_alias_value=
ac_cv_func_bind_textdomain_codeset=yes
ac_cv_func_dcgettext=yes
ac_cv_header_dlfcn_h=yes
ac_cv_header_inttypes_h=yes
ac_cv_header_libintl_h=yes
ac_cv_header_locale_h=yes
ac_cv_header_memory_h=yes
ac_cv_header_stdc=yes
ac_cv_header_stdint_h=yes
ac_cv_header_stdlib_h=yes
ac_cv_header_string_h=yes
ac_cv_header_strings_h=yes
ac_cv_header_sys_stat_h=yes
ac_cv_header_sys_types_h=yes
ac_cv_header_unistd_h=yes
ac_cv_host=x86_64-pc-linux-gnu
ac_cv_lib_dl_dlopen=yes
ac_cv_lib_parted_fs_resize_ped_file_system_resize=yes
ac_cv_lib_parted_ped_device_read=yes
ac_cv_lib_parted_ped_file_system_resize=no
ac_cv_lib_uuid_uuid_generate=yes
ac_cv_objext=o
ac_cv_path_EGREP='/usr/bin/grep -E'
ac_cv_path_FGREP='/usr/bin/grep -F'
ac_cv_path_GMSGFMT=/usr/bin/msgfmt
ac_cv_path_GREP=/usr/bin/grep
ac_cv_path_INTLTOOL_EXTRACT=/usr/bin/intltool-extract
ac_cv_path_INTLTOOL_MERGE=/usr/bin/intltool-merge
ac_cv_path_INTLTOOL_PERL=/usr/bin/perl
ac_cv_path_INTLTOOL_UPDATE=/usr/bin/intltool-update
ac_cv_path_MSGFMT=/usr/bin/msgfmt
ac_cv_path_MSGMERGE=/usr/bin/msgmerge
ac_cv_path_SED=/usr/bin/sed
ac_cv_path_XGETTEXT=/usr/bin/xgettext
ac_cv_path_ac_pt_PKG_CONFIG=/usr/bin/pkg-config
ac_cv_path_install='/usr/bin/install -c'
ac_cv_path_lt_DD=/usr/bin/dd
ac_cv_path_mkdir=/usr/bin/mkdir
ac_cv_prog_AWK=gawk
ac_cv_prog_CPP='gcc -E'
ac_cv_prog_CXXCPP='g++ -E'
ac_cv_prog_ITSTOOL=itstool
ac_cv_prog_XMLLINT=xmllint
ac_cv_prog_ac_ct_AR=ar
ac_cv_prog_ac_ct_CC=gcc
ac_cv_prog_ac_ct_CXX=g++
ac_cv_prog_ac_ct_MANIFEST_TOOL=mt
ac_cv_prog_ac_ct_OBJDUMP=objdump
ac_cv_prog_ac_ct_RANLIB=ranlib
ac_cv_prog_ac_ct_STRIP=strip
ac_cv_prog_cc_c89=
ac_cv_prog_cc_g=yes
ac_cv_prog_cxx_g=yes
ac_cv_prog_make_make_set=yes
am_cv_CC_dependencies_compiler_type=gcc3
am_cv_CXX_dependencies_compiler_type=gcc3
am_cv_make_support_nested_variables=yes
am_cv_prog_cc_c_o=yes
am_cv_val_LC_MESSAGES=yes
ax_cv_cxx_compile_cxx11__std_gnupp11=yes
gt_cv_func_CFLocaleCopyCurrent=no
gt_cv_func_CFPreferencesCopyAppValue=no
gt_cv_func_dgettext_libc=yes
gt_cv_func_dgettext_libintl=no
gt_cv_func_ngettext_libc=yes
gt_cv_have_gettext=yes
lt_cv_ar_at_file=@
lt_cv_archive_cmds_need_lc=no
lt_cv_deplibs_check_method=pass_all
lt_cv_file_magic_cmd='$MAGIC_CMD'
lt_cv_file_magic_test_file=
lt_cv_ld_reload_flag=-r
lt_cv_nm_interface='BSD nm'
lt_cv_objdir=.libs
lt_cv_path_LD=/usr/bin/ld
lt_cv_path_LDCXX='/usr/bin/ld -m elf_x86_64'
lt_cv_path_NM='/usr/bin/nm -B'
lt_cv_path_mainfest_tool=no
lt_cv_prog_compiler_c_o=yes
lt_cv_prog_compiler_c_o_CXX=yes
lt_cv_prog_compiler_pic='-fPIC -DPIC'
lt_cv_prog_compiler_pic_CXX='-fPIC -DPIC'
lt_cv_prog_compiler_pic_works=yes
lt_cv_prog_compiler_pic_works_CXX=yes
lt_cv_prog_compiler_rtti_exceptions=no
lt_cv_prog_compiler_static_works=yes
lt_cv_prog_compiler_static_works_CXX=yes
lt_cv_prog_gnu_ld=yes
lt_cv_prog_gnu_ldcxx=yes
lt_cv_sharedlib_from_linklib_cmd='printf %s\n'
lt_cv_shlibpath_overrides_runpath=yes
lt_cv_sys_global_symbol_pipe='sed -n -e '\''s/^.*[	 ]\([ABCDGIRSTW][ABCDGIRSTW]*\)[	 ][	 ]*\([_A-Za-z][_A-Za-z0-9]*\)$/\1 \2 \2/p'\'' | sed '\''/ __gnu_lto/d'\'''
lt_cv_sys_global_symbol_to_c_name_address='sed -n -e '\''s/^: \(.*\) .*$/  {"\1", (void *) 0},/p'\'' -e '\''s/^[ABCDGIRSTW][ABCDGIRSTW]* .* \(.*\)$/  {"\1", (void *) \&\1},/p'\'''
lt_cv_sys_global_symbol_to_c_name_address_lib_prefix='sed -n -e '\''s/^: \(.*\) .*$/  {"\1", (void *) 0},/p'\'' -e '\''s/^[ABCDGIRSTW][ABCDGIRSTW]* .* \(lib.*\)$/  {"\1", (void *) \&\1},/p'\'' -e '\''s/^[ABCDGIRSTW][ABCDGIRSTW]* .* \(.*\)$/  {"lib\1", (void *) \&\1},/p'\'''
lt_cv_sys_global_symbol_to_cdecl='sed -n -e '\''s/^T .* \(.*\)$/extern int \1();/p'\'' -e '\''s/^[ABCDGIRSTW][ABCDGIRSTW]* .* \(.*\)$/extern char \1;/p'\'''
lt_cv_sys_global_symbol_to_import=
lt_cv_sys_max_cmd_len=1572864
lt_cv_to_host_file_cmd=func_convert_file_noop
lt_cv_to_tool_file_cmd=func_convert_file_noop
lt_cv_truncate_bin='/usr/bin/dd bs=4096 count=1'
pkg_cv_GLIBMM_CFLAGS='-I/usr/include/glibmm-2.4 -I/usr/lib/x86_64-linux-gnu/glibmm-2.4/include -I/usr/include/glib-2.0 -I/usr/lib/x86_64-linux-gnu/glib-2.0/include -I/usr/include/sigc++-2.0 -I/usr/lib/x86_64-linux-gnu/sigc++-2.0/include'
pkg_cv_GLIBMM_LIBS='-lglibmm-2.4 -lgobject-2.0 -lglib-2.0 -lsigc-2.0'
pkg_cv_GTHREAD_CFLAGS='-pthread -I/usr/include/glib-2.0 -I/usr/lib/x86_64-linux-gnu/glib-2.0/include'
pkg_cv_GTHREAD_LIBS='-lgthread-2.0 -pthread -lglib-2.0'
pkg_cv_GTKMM_CFLAGS='-pthread -I/usr/include/gtkmm-3.0 -I/usr/lib/x86_64-linux-gnu/gtkmm-3.0/include -I/usr/include/atkmm-1.6 -I/usr/lib/x86_64-linux-gnu/atkmm-1.6/include -I/usr/include/gtk-3.0/unix-print -I/usr/include/gdkmm-3.0 -I/usr/lib/x86_64-linux-gnu/gdkmm-3.0/include -I/usr/include/giomm-2.4 -I/usr/lib/x86_64-linux-gnu/giomm-2.4/include -I/usr/include/gtk-3.0 -I/usr/include/at-spi2-atk/2.0 -I/usr/include/at-spi-2.0 -I/usr/include/dbus-1.0 -I/usr/lib/x86_64-linux-gnu/dbus-1.0/include -I/usr/include/gtk-3.0 -I/usr/include/gio-unix-2.0 -I/usr/include/cairo -I/usr/include/atk-1.0 -I/usr/include/cairo -I/usr/include/pangomm-1.4 -I/usr/lib/x86_64-linux-gnu/pangomm-1.4/include -I/usr/include/glibmm-2.4 -I/usr/lib/x86_64-linux-gnu/glibmm-2.4/include -I/usr/include/cairomm-1.0 -I/usr/lib/x86_64-linux-gnu/cairomm-1.0/include -I/usr/include/sigc++-2.0 -I/usr/lib/x86_64-linux-gnu/sigc++-2.0/include -I/usr/include/pango-1.0 -I/usr/include/harfbuzz -I/usr/include/pango-1.0 -I/usr/include/fribidi -I/usr/include/harfbuzz -I/usr/include/cairo -I/usr/include/pixman-1 -I/usr/include/uuid -I/usr/include/freetype2 -I/usr/include/gdk-pixbuf-2.0 -I/usr/include/libpng16 -I/usr/include/x86_64-linux-gnu -I/usr/include/libmount -I/usr/include/blkid -I/usr/include/glib-2.0 -I/usr/lib/x86_64-linux-gnu/glib-2.0/include'
pkg_cv_GTKMM_LIBS='-lgtkmm-3.0 -latkmm-1.6 -lgdkmm-3.0 -lgiomm-2.4 -lgtk-3 -lgdk-3 -latk-1.0 -lcairo-gobject -lgio-2.0 -lpangomm-1.4 -lglibmm-2.4 -lcairomm-1.0 -lsigc-2.0 -lpangocairo-1.0 -lpango-1.0 -lharfbuzz -lcairo -lgdk_pixbuf-2.0 -lgobject-2.0 -lglib-2.0'

## ----------------- ##
## Output variables. ##
## ----------------- ##
















	          dname=$$(dirname "$$dname"); \
	          pars="../$$pars"; \
	        $(LN_S) -f $$pars"C/$(HELP_ID)/$$f" "$$helpdir$$f" || exit 1; \
	        dname="$$f"; \
	        done; \
	        echo "$(LN_S) -f $(HELP_DIR)/C/$(HELP_ID)/$$f $$helpdir$$f"; \
	        pars="../"; \
	        while test "$$dname" != "." -a "$$dname" != "/"; do \
	      $(INSTALL_DATA) "$$d$$lc/$$f" "$$helpdir$$f" || exit 1; \
	      echo "$(INSTALL_DATA) $$d$$lc/$$f $$helpdir$$f"; \
	      fi; \
	      if test "x$(YELP_LC_MEDIA_LINKS)" != "x"; then \
	    $(ITSTOOL) -o "$(notdir $@).tmp" $(_HELP_C_FILES) && \
	    $(ITSTOOL) -o "$(notdir $@).tmp" $(_HELP_C_FILES) && \
	    $(XMLLINT) --nonet --noout --noent --path "$$xmlpath" --xinclude "$$d$$lc/$$page"; \
	    cp -p "$$d$$lc/$$file" "$(distdir)/$$lc/" || exit 1; \
	    d="$(srcdir)/"; \
	    echo "$(XMLLINT) --nonet --noout --noent --path $$xmlpath --xinclude $$d$$lc/$$page"; \
	    echo "rm -f $$helpdir$$f"; \
	    elif test "x$$lc" != "xC"; then \
	    fi; \
	    helpdir="$(DESTDIR)$(HELP_DIR)/$$lc/$(HELP_ID)/"; \
	    helpdir="$(DESTDIR)$(HELP_DIR)/$$lc/$(HELP_ID)/"; \
	    if ! test -d "$$helpdir$$mdir"; then $(mkinstalldirs) "$$helpdir$$mdir"; fi; \
	    if test "x$mdir" = "x."; then mdir=""; fi; \
	    if test -f "$$d$$lc/$$f"; then \
	    if test -f "$$lc$$f"; then d=; else d="$(srcdir)/"; fi; \
	    if test -f "$$lc/$$file"; then d=./; else d=$(srcdir)/; fi; \
	    mdir=`dirname "$$f"`; \
	    msgmerge -o "$(notdir $@)" "$(notdir $@)" "$(notdir $@).tmp" && \
	    mv "$(notdir $@).tmp" "$(notdir $@)"); \
	    rm "$(notdir $@).tmp"); \
	    rm -f "$$helpdir$$f"; \
	    then d=; \
	    xmlpath="$$lc"; \
	    xmlpath="$$lc:$(srcdir)/$$lc"; \
	  $(INSTALL_DATA) "$$d$$f" "$$helpdir`basename $$f`" || exit 1; \
	  $(INSTALL_DATA) "$$d$$lc/$$f" "$$helpdir`basename $$f`" || exit 1; \
	  $(MKDIR_P) "$(distdir)/$$lc"; \
	  $(mkinstalldirs) "$(DESTDIR)$(HELP_DIR)/$$lc/$(HELP_ID)" || exit 1; \
	  (cd "$(dir $@)" && \
	  (cd "$(dir $@)" && \
	  done; \
	  done; \
	  done; \
	  done; \
	  echo "$(INSTALL_DATA) $$d$$f $$helpdir`basename $$f`"; \
	  echo "$(INSTALL_DATA) $$d$$lc/$$f $$helpdir`basename $$f`"; \
	  echo "rm -f $$helpdir`basename $$f`"; \
	  echo "rm -f $$helpdir`basename $$f`"; \
	  else \
	  fi; \
	  for file in $(HELP_FILES); do \
	  for lc in C $(_HELP_LINGUAS); do \
	  for lc in C $(_HELP_LINGUAS); do \
	  for page in $(HELP_FILES); do \
	  helpdir="$(DESTDIR)$(HELP_DIR)/$$lc/$(HELP_ID)/"; \
	  helpdir="$(DESTDIR)$(HELP_DIR)/$$lc/$(HELP_ID)/"; \
	  helpdir="$(DESTDIR)$(HELP_DIR)/$$lc/$(HELP_ID)/"; \
	  helpdir="$(DESTDIR)$(HELP_DIR)/$$lc/$(HELP_ID)/"; \
	  if ! test -d "$$helpdir"; then $(mkinstalldirs) "$$helpdir"; fi; \
	  if ! test -d "$$helpdir"; then $(mkinstalldirs) "$$helpdir"; fi; \
	  if test "x$(_HELP_V)" = "x0"; then echo "  GEN    $${po}"; fi; \
	  if test -d "$$lc"; \
	  if test -f "$$f"; then d=; else d="$(srcdir)/"; fi; \
	  if test -f "$$lc/$$f"; then d=; else d="$(srcdir)/"; fi; \
	  lc=`dirname "$$f"`; lc=`basename "$$lc"`; \
	  lc=`dirname "$$f"`; lc=`basename "$$lc"`; \
	  msgmerge -q -o "$${po}" "$${po}" "$(_HELP_POTFILE)"; \
	  rm -f "$$helpdir`basename $$f`"; \
	  rm -f "$$helpdir`basename $$f`"; \
	$(AM_V_GEN)if ! test -f "$@"; then \
	$(AM_V_GEN)if test -d "C"; then d=; else d="$(srcdir)/"; fi; \
	$(AM_V_GEN)msgfmt -o "$@" "$<"
	$(AM_V_at)for po in $(_HELP_POFILES); do \
	$(AM_V_at)if ! test -d "$(dir $@)"; then mkdir "$(dir $@)"; fi
	$(AM_V_at)if ! test -d "$(dir $@)"; then mkdir "$(dir $@)"; fi
	$(AM_V_at)if ! test -d "$(dir $@)"; then mkdir "$(dir $@)"; fi
	$(AM_V_at)if test ! -f "$@" -a -f "$(srcdir)/$@"; then cp "$(srcdir)/$@" "$@"; fi
	$(ITSTOOL) -o "$@" $(foreach f,$(_HELP_C_FILES),"$${d}$(f)")
	$(_HELP_LC_VERBOSE)if test -d "C"; then d="../"; else d="$(abs_srcdir)/"; fi; \
	(cd "$(dir $@)" && $(ITSTOOL) -m "$${mo}" $(foreach f,$(_HELP_C_FILES),$${d}/$(f))) && \
	@for f in $(HELP_MEDIA); do \
	@for f in $(HELP_MEDIA); do \
	@for f in $(_HELP_C_EXTRA); do \
	@for f in $(_HELP_C_EXTRA); do \
	@for lc in C $(_HELP_LINGUAS); do \
	@for lc in C $(_HELP_LINGUAS); do for f in $(HELP_FILES); do \
	@for lc in C $(if $(YELP_LC_DIST),$(HELP_LINGUAS)) ; do \
	done
	done
	done
	done
	done
	done
	done;
	done; \
	done; done
	done; done
	else \
	fi
	for lc in C $(_HELP_LINGUAS); do \
	for lc in C $(_HELP_LINGUAS); do for f in $(HELP_FILES); do \
	if test -f "$${mo}"; then mo="../$${mo}"; else mo="$(abs_srcdir)/$${mo}"; fi; \
	mo="$(dir $@)$(patsubst %/$(notdir $@),%,$@).mo"; \
	rm -f $(_HELP_LC_FILES) $(_HELP_LC_STAMPS) $(_HELP_MOFILES)
	touch "$@"
$(_HELP_LC_FILES): $(_HELP_LINGUAS)
$(_HELP_LC_STAMPS): $(_HELP_C_FILES) $(_HELP_C_EXTRA)
$(_HELP_LC_STAMPS): %.stamp: %.mo
$(_HELP_LINGUAS): $(_HELP_LC_STAMPS)
$(_HELP_MOFILES): %.mo: %.po
$(_HELP_POFILES):
$(_HELP_POTFILE): $(_HELP_C_FILES) $(_HELP_C_EXTRA) $(_HELP_C_MEDIA)
'
.PHONY: check-help
.PHONY: clean-help
.PHONY: install-help
.PHONY: pot
.PHONY: repo
.PHONY: uninstall-help
ACLOCAL='${SHELL} /home/kali/Pobrane/gparted-1.4.0/missing aclocal-1.16'
ALL_LINGUAS=''
AMDEPBACKSLASH='\'
AMDEP_FALSE='#'
AMDEP_TRUE=''
AMTAR='$${TAR-tar}'
AM_BACKSLASH='\'
AM_DEFAULT_V='$(AM_DEFAULT_VERBOSITY)'
AM_DEFAULT_VERBOSITY='1'
AM_V='$(V)'
AR='ar'
AUTOCONF='${SHELL} /home/kali/Pobrane/gparted-1.4.0/missing autoconf'
AUTOHEADER='${SHELL} /home/kali/Pobrane/gparted-1.4.0/missing autoheader'
AUTOMAKE='${SHELL} /home/kali/Pobrane/gparted-1.4.0/missing automake-1.16'
AWK='gawk'
BUILD_HELP_DOC_FALSE='#'
BUILD_HELP_DOC_TRUE=''
CATALOGS=''
CATOBJEXT='.gmo'
CC='gcc'
CCDEPMODE='depmode=gcc3'
CFLAGS='-g -O2'
CPP='gcc -E'
CPPFLAGS=''
CXX='g++ -std=gnu++11'
CXXCPP='g++ -E -std=gnu++11'
CXXDEPMODE='depmode=gcc3'
CXXFLAGS='-g -O2'
CYGPATH_W='echo'
DATADIRNAME='share'
DEFS='-DHAVE_CONFIG_H'
DEPDIR='.deps'
DLLTOOL='false'
DSYMUTIL=''
DUMPBIN=''
ECHO_C=''
ECHO_N='-n'
ECHO_T=''
EGREP='/usr/bin/grep -E'
ENABLE_XHOST_ROOT='no'
EXEEXT=''
EXTRA_DIST += $(_HELP_C_EXTRA) $(_HELP_C_MEDIA)
EXTRA_DIST += $(foreach f,$(HELP_MEDIA),$(foreach lc,$(HELP_LINGUAS),$(wildcard $(lc)/$(f))))
EXTRA_DIST += $(foreach lc,$(HELP_LINGUAS),$(lc)/$(lc).po)
EXTRA_DIST += $(if $(YELP_LC_DIST),$(foreach lc,$(HELP_LINGUAS),$(lc)/$(lc).stamp))
EXTRA_DIST ?=
FGREP='/usr/bin/grep -F'
GETTEXT_PACKAGE='gparted'
GKSUPROG='pkexec --disable-internal-agent'
GLIBMM_CFLAGS='-I/usr/include/glibmm-2.4 -I/usr/lib/x86_64-linux-gnu/glibmm-2.4/include -I/usr/include/glib-2.0 -I/usr/lib/x86_64-linux-gnu/glib-2.0/include -I/usr/include/sigc++-2.0 -I/usr/lib/x86_64-linux-gnu/sigc++-2.0/include'
GLIBMM_LIBS='-lglibmm-2.4 -lgobject-2.0 -lglib-2.0 -lsigc-2.0'
GMOFILES=''
GMSGFMT='/usr/bin/msgfmt'
GREP='/usr/bin/grep'
GTEST_CPPFLAGS='-DGTEST_HAS_PTHREAD=1'
GTEST_CXXFLAGS='-pthread -I/usr/include/glib-2.0 -I/usr/lib/x86_64-linux-gnu/glib-2.0/include -pthread -I/usr/include/gtkmm-3.0 -I/usr/lib/x86_64-linux-gnu/gtkmm-3.0/include -I/usr/include/atkmm-1.6 -I/usr/lib/x86_64-linux-gnu/atkmm-1.6/include -I/usr/include/gtk-3.0/unix-print -I/usr/include/gdkmm-3.0 -I/usr/lib/x86_64-linux-gnu/gdkmm-3.0/include -I/usr/include/giomm-2.4 -I/usr/lib/x86_64-linux-gnu/giomm-2.4/include -I/usr/include/gtk-3.0 -I/usr/include/at-spi2-atk/2.0 -I/usr/include/at-spi-2.0 -I/usr/include/dbus-1.0 -I/usr/lib/x86_64-linux-gnu/dbus-1.0/include -I/usr/include/gtk-3.0 -I/usr/include/gio-unix-2.0 -I/usr/include/cairo -I/usr/include/atk-1.0 -I/usr/include/cairo -I/usr/include/pangomm-1.4 -I/usr/lib/x86_64-linux-gnu/pangomm-1.4/include -I/usr/include/glibmm-2.4 -I/usr/lib/x86_64-linux-gnu/glibmm-2.4/include -I/usr/include/cairomm-1.0 -I/usr/lib/x86_64-linux-gnu/cairomm-1.0/include -I/usr/include/sigc++-2.0 -I/usr/lib/x86_64-linux-gnu/sigc++-2.0/include -I/usr/include/pango-1.0 -I/usr/include/harfbuzz -I/usr/include/pango-1.0 -I/usr/include/fribidi -I/usr/include/harfbuzz -I/usr/include/cairo -I/usr/include/pixman-1 -I/usr/include/uuid -I/usr/include/freetype2 -I/usr/include/gdk-pixbuf-2.0 -I/usr/include/libpng16 -I/usr/include/x86_64-linux-gnu -I/usr/include/libmount -I/usr/include/blkid -I/usr/include/glib-2.0 -I/usr/lib/x86_64-linux-gnu/glib-2.0/include'
GTEST_LDFLAGS=''
GTEST_LIBS='-lgthread-2.0 -pthread -lglib-2.0 -lgtkmm-3.0 -latkmm-1.6 -lgdkmm-3.0 -lgiomm-2.4 -lgtk-3 -lgdk-3 -latk-1.0 -lcairo-gobject -lgio-2.0 -lpangomm-1.4 -lglibmm-2.4 -lcairomm-1.0 -lsigc-2.0 -lpangocairo-1.0 -lpango-1.0 -lharfbuzz -lcairo -lgdk_pixbuf-2.0 -lgobject-2.0 -lglib-2.0'
GTHREAD_CFLAGS='-pthread -I/usr/include/glib-2.0 -I/usr/lib/x86_64-linux-gnu/glib-2.0/include'
GTHREAD_LIBS='-lgthread-2.0 -pthread -lglib-2.0'
GTKMM_CFLAGS='-pthread -I/usr/include/gtkmm-3.0 -I/usr/lib/x86_64-linux-gnu/gtkmm-3.0/include -I/usr/include/atkmm-1.6 -I/usr/lib/x86_64-linux-gnu/atkmm-1.6/include -I/usr/include/gtk-3.0/unix-print -I/usr/include/gdkmm-3.0 -I/usr/lib/x86_64-linux-gnu/gdkmm-3.0/include -I/usr/include/giomm-2.4 -I/usr/lib/x86_64-linux-gnu/giomm-2.4/include -I/usr/include/gtk-3.0 -I/usr/include/at-spi2-atk/2.0 -I/usr/include/at-spi-2.0 -I/usr/include/dbus-1.0 -I/usr/lib/x86_64-linux-gnu/dbus-1.0/include -I/usr/include/gtk-3.0 -I/usr/include/gio-unix-2.0 -I/usr/include/cairo -I/usr/include/atk-1.0 -I/usr/include/cairo -I/usr/include/pangomm-1.4 -I/usr/lib/x86_64-linux-gnu/pangomm-1.4/include -I/usr/include/glibmm-2.4 -I/usr/lib/x86_64-linux-gnu/glibmm-2.4/include -I/usr/include/cairomm-1.0 -I/usr/lib/x86_64-linux-gnu/cairomm-1.0/include -I/usr/include/sigc++-2.0 -I/usr/lib/x86_64-linux-gnu/sigc++-2.0/include -I/usr/include/pango-1.0 -I/usr/include/harfbuzz -I/usr/include/pango-1.0 -I/usr/include/fribidi -I/usr/include/harfbuzz -I/usr/include/cairo -I/usr/include/pixman-1 -I/usr/include/uuid -I/usr/include/freetype2 -I/usr/include/gdk-pixbuf-2.0 -I/usr/include/libpng16 -I/usr/include/x86_64-linux-gnu -I/usr/include/libmount -I/usr/include/blkid -I/usr/include/glib-2.0 -I/usr/lib/x86_64-linux-gnu/glib-2.0/include'
GTKMM_LIBS='-lgtkmm-3.0 -latkmm-1.6 -lgdkmm-3.0 -lgiomm-2.4 -lgtk-3 -lgdk-3 -latk-1.0 -lcairo-gobject -lgio-2.0 -lpangomm-1.4 -lglibmm-2.4 -lcairomm-1.0 -lsigc-2.0 -lpangocairo-1.0 -lpango-1.0 -lharfbuzz -lcairo -lgdk_pixbuf-2.0 -lgobject-2.0 -lglib-2.0'
HAVE_CXX11='1'
HELP_DIR='${datadir}/help'
HELP_EXTRA ?=
HELP_FILES ?=
HELP_ID ?=
HELP_LINGUAS ?=
HELP_MEDIA ?=
HELP_POT ?=
INSTALL_DATA='${INSTALL} -m 644'
INSTALL_POLKIT_ACTIONS_FALSE='#'
INSTALL_POLKIT_ACTIONS_TRUE=''
INSTALL_PROGRAM='${INSTALL}'
INSTALL_SCRIPT='${INSTALL}'
INSTALL_STRIP_PROGRAM='$(install_sh) -c -s'
INSTOBJEXT='.mo'
INTLLIBS=''
INTLTOOL_CAVES_RULE='%.caves:     %.caves.in     $(INTLTOOL_MERGE) $(wildcard $(top_srcdir)/po/*.po) ; $(INTLTOOL_V_MERGE)LC_ALL=C $(INTLTOOL_MERGE) $(INTLTOOL_V_MERGE_OPTIONS) -d -u -c $(top_builddir)/po/.intltool-merge-cache $(top_srcdir)/po $< $@'
INTLTOOL_DESKTOP_RULE='%.desktop:   %.desktop.in   $(INTLTOOL_MERGE) $(wildcard $(top_srcdir)/po/*.po) ; $(INTLTOOL_V_MERGE)LC_ALL=C $(INTLTOOL_MERGE) $(INTLTOOL_V_MERGE_OPTIONS) -d -u -c $(top_builddir)/po/.intltool-merge-cache $(top_srcdir)/po $< $@'
INTLTOOL_DIRECTORY_RULE='%.directory: %.directory.in $(INTLTOOL_MERGE) $(wildcard $(top_srcdir)/po/*.po) ; $(INTLTOOL_V_MERGE)LC_ALL=C $(INTLTOOL_MERGE) $(INTLTOOL_V_MERGE_OPTIONS) -d -u -c $(top_builddir)/po/.intltool-merge-cache $(top_srcdir)/po $< $@'
INTLTOOL_EXTRACT='/usr/bin/intltool-extract'
INTLTOOL_KBD_RULE='%.kbd:       %.kbd.in       $(INTLTOOL_MERGE) $(wildcard $(top_srcdir)/po/*.po) ; $(INTLTOOL_V_MERGE)LC_ALL=C $(INTLTOOL_MERGE) $(INTLTOOL_V_MERGE_OPTIONS) -x -u -m -c $(top_builddir)/po/.intltool-merge-cache $(top_srcdir)/po $< $@'
INTLTOOL_KEYS_RULE='%.keys:      %.keys.in      $(INTLTOOL_MERGE) $(wildcard $(top_srcdir)/po/*.po) ; $(INTLTOOL_V_MERGE)LC_ALL=C $(INTLTOOL_MERGE) $(INTLTOOL_V_MERGE_OPTIONS) -k -u -c $(top_builddir)/po/.intltool-merge-cache $(top_srcdir)/po $< $@'
INTLTOOL_MERGE='/usr/bin/intltool-merge'
INTLTOOL_OAF_RULE='%.oaf:       %.oaf.in       $(INTLTOOL_MERGE) $(wildcard $(top_srcdir)/po/*.po) ; $(INTLTOOL_V_MERGE)LC_ALL=C $(INTLTOOL_MERGE) $(INTLTOOL_V_MERGE_OPTIONS) -o -p $(top_srcdir)/po $< $@'
INTLTOOL_PERL='/usr/bin/perl'
INTLTOOL_POLICY_RULE='%.policy:    %.policy.in    $(INTLTOOL_MERGE) $(wildcard $(top_srcdir)/po/*.po) ; $(INTLTOOL_V_MERGE)LC_ALL=C $(INTLTOOL_MERGE) $(INTLTOOL_V_MERGE_OPTIONS) -x -u -c $(top_builddir)/po/.intltool-merge-cache $(top_srcdir)/po $< $@'
INTLTOOL_PONG_RULE='%.pong:      %.pong.in      $(INTLTOOL_MERGE) $(wildcard $(top_srcdir)/po/*.po) ; $(INTLTOOL_V_MERGE)LC_ALL=C $(INTLTOOL_MERGE) $(INTLTOOL_V_MERGE_OPTIONS) -x -u -c $(top_builddir)/po/.intltool-merge-cache $(top_srcdir)/po $< $@'
INTLTOOL_PROP_RULE='%.prop:      %.prop.in      $(INTLTOOL_MERGE) $(wildcard $(top_srcdir)/po/*.po) ; $(INTLTOOL_V_MERGE)LC_ALL=C $(INTLTOOL_MERGE) $(INTLTOOL_V_MERGE_OPTIONS) -d -u -c $(top_builddir)/po/.intltool-merge-cache $(top_srcdir)/po $< $@'
INTLTOOL_SCHEMAS_RULE='%.schemas:   %.schemas.in   $(INTLTOOL_MERGE) $(wildcard $(top_srcdir)/po/*.po) ; $(INTLTOOL_V_MERGE)LC_ALL=C $(INTLTOOL_MERGE) $(INTLTOOL_V_MERGE_OPTIONS) -s -u -c $(top_builddir)/po/.intltool-merge-cache $(top_srcdir)/po $< $@'
INTLTOOL_SERVER_RULE='%.server:    %.server.in    $(INTLTOOL_MERGE) $(wildcard $(top_srcdir)/po/*.po) ; $(INTLTOOL_V_MERGE)LC_ALL=C $(INTLTOOL_MERGE) $(INTLTOOL_V_MERGE_OPTIONS) -o -u -c $(top_builddir)/po/.intltool-merge-cache $(top_srcdir)/po $< $@'
INTLTOOL_SERVICE_RULE='%.service: %.service.in   $(INTLTOOL_MERGE) $(wildcard $(top_srcdir)/po/*.po) ; $(INTLTOOL_V_MERGE)LC_ALL=C $(INTLTOOL_MERGE) $(INTLTOOL_V_MERGE_OPTIONS) -d -u -c $(top_builddir)/po/.intltool-merge-cache $(top_srcdir)/po $< $@'
INTLTOOL_SHEET_RULE='%.sheet:     %.sheet.in     $(INTLTOOL_MERGE) $(wildcard $(top_srcdir)/po/*.po) ; $(INTLTOOL_V_MERGE)LC_ALL=C $(INTLTOOL_MERGE) $(INTLTOOL_V_MERGE_OPTIONS) -x -u -c $(top_builddir)/po/.intltool-merge-cache $(top_srcdir)/po $< $@'
INTLTOOL_SOUNDLIST_RULE='%.soundlist: %.soundlist.in $(INTLTOOL_MERGE) $(wildcard $(top_srcdir)/po/*.po) ; $(INTLTOOL_V_MERGE)LC_ALL=C $(INTLTOOL_MERGE) $(INTLTOOL_V_MERGE_OPTIONS) -d -u -c $(top_builddir)/po/.intltool-merge-cache $(top_srcdir)/po $< $@'
INTLTOOL_THEME_RULE='%.theme:     %.theme.in     $(INTLTOOL_MERGE) $(wildcard $(top_srcdir)/po/*.po) ; $(INTLTOOL_V_MERGE)LC_ALL=C $(INTLTOOL_MERGE) $(INTLTOOL_V_MERGE_OPTIONS) -d -u -c $(top_builddir)/po/.intltool-merge-cache $(top_srcdir)/po $< $@'
INTLTOOL_UI_RULE='%.ui:        %.ui.in        $(INTLTOOL_MERGE) $(wildcard $(top_srcdir)/po/*.po) ; $(INTLTOOL_V_MERGE)LC_ALL=C $(INTLTOOL_MERGE) $(INTLTOOL_V_MERGE_OPTIONS) -x -u -c $(top_builddir)/po/.intltool-merge-cache $(top_srcdir)/po $< $@'
INTLTOOL_UPDATE='/usr/bin/intltool-update'
INTLTOOL_V_MERGE='$(INTLTOOL__v_MERGE_$(V))'
INTLTOOL_V_MERGE_OPTIONS='$(intltool__v_merge_options_$(V))'
INTLTOOL_XAM_RULE='%.xam:       %.xml.in       $(INTLTOOL_MERGE) $(wildcard $(top_srcdir)/po/*.po) ; $(INTLTOOL_V_MERGE)LC_ALL=C $(INTLTOOL_MERGE) $(INTLTOOL_V_MERGE_OPTIONS) -x -u -c $(top_builddir)/po/.intltool-merge-cache $(top_srcdir)/po $< $@'
INTLTOOL_XML_NOMERGE_RULE='%.xml:       %.xml.in       $(INTLTOOL_MERGE) ; $(INTLTOOL_V_MERGE)LC_ALL=C $(INTLTOOL_MERGE) $(INTLTOOL_V_MERGE_OPTIONS) -x -u --no-translations $< $@'
INTLTOOL_XML_RULE='%.xml:       %.xml.in       $(INTLTOOL_MERGE) $(wildcard $(top_srcdir)/po/*.po) ; $(INTLTOOL_V_MERGE)LC_ALL=C $(INTLTOOL_MERGE) $(INTLTOOL_V_MERGE_OPTIONS) -x -u -c $(top_builddir)/po/.intltool-merge-cache $(top_srcdir)/po $< $@'
INTLTOOL__v_MERGE_0='@echo "  ITMRG " $@;'
INTLTOOL__v_MERGE_='$(INTLTOOL__v_MERGE_$(AM_DEFAULT_VERBOSITY))'
INTL_MACOSX_LIBS=''
ITSTOOL='itstool'
LD='/usr/bin/ld -m elf_x86_64'
LDFLAGS=''
LIBOBJS=''
LIBS='-lparted-fs-resize -lparted -ldl -luuid '
LIBTOOL='$(SHELL) $(top_builddir)/libtool'
LIPO=''
LN_S='ln -s'
LTLIBOBJS=''
LT_SYS_LIBRARY_PATH=''
MAINT='#'
MAINTAINER_MODE_FALSE=''
MAINTAINER_MODE_TRUE='#'
MAKEINFO='${SHELL} /home/kali/Pobrane/gparted-1.4.0/missing makeinfo'
MANIFEST_TOOL=':'
MKDIR_P='/usr/bin/mkdir -p'
MKINSTALLDIRS='./mkinstalldirs'
MSGFMT='/usr/bin/msgfmt'
MSGFMT_OPTS='-c'
MSGMERGE='/usr/bin/msgmerge'
NM='/usr/bin/nm -B'
NMEDIT=''
OBJDUMP='objdump'
OBJEXT='o'
OTOOL64=''
OTOOL=''
PACKAGE='gparted'
PACKAGE_BUGREPORT='https://gitlab.gnome.org/GNOME/gparted/issues'
PACKAGE_NAME='gparted'
PACKAGE_STRING='gparted 1.4.0'
PACKAGE_TARNAME='gparted'
PACKAGE_URL=''
PACKAGE_VERSION='1.4.0'
PATH_SEPARATOR=':'
PKG_CONFIG='/usr/bin/pkg-config'
PKG_CONFIG_LIBDIR=''
PKG_CONFIG_PATH=''
POFILES=''
POSUB='po'
PO_IN_DATADIR_FALSE=''
PO_IN_DATADIR_TRUE=''
RANLIB='ranlib'
SED='/usr/bin/sed'
SET_MAKE=''
SHELL='/bin/bash'
STRIP='strip'
USE_NLS='yes'
VERSION='1.4.0'
XGETTEXT='/usr/bin/xgettext'
XMLLINT='xmllint'
YELP_HELP_RULES='
YELP_LC_DIST='true'
YELP_LC_MEDIA_LINKS='true'
_HELP_C_EXTRA = $(foreach f,$(HELP_EXTRA),C/$(f))
_HELP_C_FILES = $(foreach f,$(HELP_FILES),C/$(f))
_HELP_C_MEDIA = $(foreach f,$(HELP_MEDIA),C/$(f))
_HELP_DEFAULT_V = $(if $(AM_DEFAULT_VERBOSITY),$(AM_DEFAULT_VERBOSITY),1)
_HELP_LC_FILES = $(foreach lc,$(_HELP_LINGUAS),$(foreach f,$(HELP_FILES),$(lc)/$(f)))
_HELP_LC_STAMPS = $(foreach lc,$(_HELP_LINGUAS),$(lc)/$(lc).stamp)
_HELP_LC_VERBOSE = $(_HELP_LC_VERBOSE_$(_HELP_V))
_HELP_LC_VERBOSE_ = $(_HELP_LC_VERBOSE_$(_HELP_DEFAULT_V))
_HELP_LC_VERBOSE_0 = @echo "  GEN    "$(dir $@);
_HELP_LINGUAS = $(if $(filter environment,$(origin LINGUAS)),$(filter $(LINGUAS),$(HELP_LINGUAS)),$(HELP_LINGUAS))
_HELP_MOFILES = $(patsubst %.po,%.mo,$(_HELP_POFILES))
_HELP_POFILES = $(if $(HELP_ID),$(foreach lc,$(_HELP_LINGUAS),$(lc)/$(lc).po))
_HELP_POTFILE = $(if $(HELP_POT),$(HELP_POT),$(if $(HELP_ID),$(HELP_ID).pot))
_HELP_V = $(if $(V),$(V),$(_HELP_DEFAULT_V))
ac_ct_AR='ar'
ac_ct_CC='gcc'
ac_ct_CXX='g++'
ac_ct_DUMPBIN=''
all: $(_HELP_C_FILES) $(_HELP_C_EXTRA) $(_HELP_C_MEDIA) $(_HELP_LC_FILES) $(_HELP_POFILES)
am__EXEEXT_FALSE=''
am__EXEEXT_TRUE='#'
am__fastdepCC_FALSE='#'
am__fastdepCC_TRUE=''
am__fastdepCXX_FALSE='#'
am__fastdepCXX_TRUE=''
am__include='include'
am__isrc=''
am__leading_dot='.'
am__nodep='_no'
am__quote=''
am__tar='$${TAR-tar} chof - "$$tardir"'
am__untar='$${TAR-tar} xf -'
bindir='${exec_prefix}/bin'
build='x86_64-pc-linux-gnu'
build_alias=''
build_cpu='x86_64'
build_os='linux-gnu'
build_vendor='pc'
check-help:
check: check-help
clean-help:
datadir='${datarootdir}'
datarootdir='${prefix}/share'
distdir-help-files: $(_HELP_LC_FILES)
distdir: distdir-help-files
docdir='${datarootdir}/doc/${PACKAGE_TARNAME}'
dvidir='${docdir}'
exec_prefix='${prefix}'
host='x86_64-pc-linux-gnu'
host_alias=''
host_cpu='x86_64'
host_os='linux-gnu'
host_vendor='pc'
htmldir='${docdir}'
includedir='${prefix}/include'
infodir='${datarootdir}/info'
install-data-am: $(if $(HELP_ID),install-help)
install-help: $(_HELP_LC_FILES)
install_sh='${SHELL} /home/kali/Pobrane/gparted-1.4.0/install-sh'
intltool__v_merge_options_0='-q'
intltool__v_merge_options_='$(intltool__v_merge_options_$(AM_DEFAULT_VERBOSITY))'
libdir='${exec_prefix}/lib'
libexecdir='${exec_prefix}/libexec'
localedir='${datarootdir}/locale'
localstatedir='${prefix}/var'
mandir='${datarootdir}/man'
mkdir_p='$(MKDIR_P)'
mostlyclean-am: $(if $(HELP_ID),clean-help)
oldincludedir='/usr/include'
pdfdir='${docdir}'
pot: $(_HELP_POTFILE)
prefix='/usr/local'
program_transform_name='s,x,x,'
psdir='${docdir}'
repo: $(_HELP_POTFILE)
runstatedir='${localstatedir}/run'
sbindir='${exec_prefix}/sbin'
sharedstatedir='${prefix}/com'
sysconfdir='${prefix}/etc'
target_alias=''
uninstall-am: $(if $(HELP_ID),uninstall-help)
uninstall-help:

## ----------- ##
## confdefs.h. ##
## ----------- ##

/* confdefs.h */
#define PACKAGE_NAME "gparted"
#define PACKAGE_TARNAME "gparted"
#define PACKAGE_VERSION "1.4.0"
#define PACKAGE_STRING "gparted 1.4.0"
#define PACKAGE_BUGREPORT "https://gitlab.gnome.org/GNOME/gparted/issues"
#define PACKAGE_URL ""
#define PACKAGE "gparted"
#define VERSION "1.4.0"
#define STDC_HEADERS 1
#define HAVE_SYS_TYPES_H 1
#define HAVE_SYS_STAT_H 1
#define HAVE_STDLIB_H 1
#define HAVE_STRING_H 1
#define HAVE_MEMORY_H 1
#define HAVE_STRINGS_H 1
#define HAVE_INTTYPES_H 1
#define HAVE_STDINT_H 1
#define HAVE_UNISTD_H 1
#define HAVE_DLFCN_H 1
#define LT_OBJDIR ".libs/"
#define GETTEXT_PACKAGE "gparted"
#define HAVE_LOCALE_H 1
#define HAVE_LC_MESSAGES 1
#define HAVE_BIND_TEXTDOMAIN_CODESET 1
#define HAVE_GETTEXT 1
#define HAVE_DCGETTEXT 1
#define ENABLE_NLS 1
#define HAVE_LIBUUID 1
#define HAVE_LIBDL 1
#define HAVE_LIBPARTED 1
#define HAVE_LIBPARTED_FS_RESIZE 1
#define HAVE_CXX11 1
#define HAVE_LABEL_SET_XALIGN 1
#define HAVE_SET_PROPAGATE_NATURAL_WIDTH 1
#define HAVE_GTK_SHOW_URI_ON_WINDOW 1
#define ENABLE_HELP_DOC 1
#define ENABLE_ONLINE_RESIZE 1

configure: exit 0
